{"/home/runner/work/jit/jit/src/backtest/runner.ts":{"path":"/home/runner/work/jit/jit/src/backtest/runner.ts","statementMap":{"0":{"start":{"line":2,"column":22},"end":{"line":4,"column":1}},"1":{"start":{"line":3,"column":4},"end":{"line":3,"column":62}},"2":{"start":{"line":5,"column":0},"end":{"line":5,"column":62}},"3":{"start":{"line":6,"column":0},"end":{"line":6,"column":54}},"4":{"start":{"line":7,"column":21},"end":{"line":7,"column":59}},"5":{"start":{"line":8,"column":21},"end":{"line":8,"column":49}},"6":{"start":{"line":9,"column":24},"end":{"line":9,"column":55}},"7":{"start":{"line":10,"column":22},"end":{"line":10,"column":56}},"8":{"start":{"line":11,"column":17},"end":{"line":11,"column":45}},"9":{"start":{"line":12,"column":13},"end":{"line":12,"column":26}},"10":{"start":{"line":13,"column":15},"end":{"line":13,"column":30}},"11":{"start":{"line":14,"column":14},"end":{"line":14,"column":45}},"12":{"start":{"line":16,"column":0},"end":{"line":19,"column":3}},"13":{"start":{"line":26,"column":8},"end":{"line":26,"column":29}},"14":{"start":{"line":32,"column":8},"end":{"line":35,"column":11}},"15":{"start":{"line":37,"column":25},"end":{"line":37,"column":50}},"16":{"start":{"line":38,"column":8},"end":{"line":38,"column":64}},"17":{"start":{"line":40,"column":24},"end":{"line":40,"column":26}},"18":{"start":{"line":41,"column":8},"end":{"line":72,"column":9}},"19":{"start":{"line":42,"column":30},"end":{"line":42,"column":40}},"20":{"start":{"line":43,"column":12},"end":{"line":71,"column":13}},"21":{"start":{"line":44,"column":31},"end":{"line":44,"column":67}},"22":{"start":{"line":45,"column":16},"end":{"line":45,"column":64}},"23":{"start":{"line":46,"column":16},"end":{"line":46,"column":37}},"24":{"start":{"line":47,"column":16},"end":{"line":54,"column":17}},"25":{"start":{"line":48,"column":20},"end":{"line":53,"column":23}},"26":{"start":{"line":57,"column":16},"end":{"line":57,"column":84}},"27":{"start":{"line":58,"column":16},"end":{"line":70,"column":19}},"28":{"start":{"line":74,"column":24},"end":{"line":74,"column":54}},"29":{"start":{"line":75,"column":29},"end":{"line":75,"column":64}},"30":{"start":{"line":77,"column":28},"end":{"line":77,"column":47}},"31":{"start":{"line":78,"column":29},"end":{"line":78,"column":98}},"32":{"start":{"line":78,"column":46},"end":{"line":78,"column":75}},"33":{"start":{"line":78,"column":92},"end":{"line":78,"column":97}},"34":{"start":{"line":79,"column":32},"end":{"line":81,"column":15}},"35":{"start":{"line":82,"column":31},"end":{"line":82,"column":86}},"36":{"start":{"line":83,"column":27},"end":{"line":83,"column":41}},"37":{"start":{"line":84,"column":30},"end":{"line":84,"column":67}},"38":{"start":{"line":84,"column":50},"end":{"line":84,"column":59}},"39":{"start":{"line":86,"column":31},"end":{"line":86,"column":68}},"40":{"start":{"line":87,"column":32},"end":{"line":98,"column":9}},"41":{"start":{"line":100,"column":8},"end":{"line":100,"column":48}},"42":{"start":{"line":101,"column":8},"end":{"line":105,"column":11}},"43":{"start":{"line":106,"column":8},"end":{"line":106,"column":31}},"44":{"start":{"line":112,"column":25},"end":{"line":112,"column":27}},"45":{"start":{"line":113,"column":8},"end":{"line":126,"column":9}},"46":{"start":{"line":114,"column":26},"end":{"line":114,"column":78}},"47":{"start":{"line":115,"column":30},"end":{"line":115,"column":68}},"48":{"start":{"line":115,"column":48},"end":{"line":115,"column":67}},"49":{"start":{"line":116,"column":12},"end":{"line":121,"column":13}},"50":{"start":{"line":117,"column":33},"end":{"line":117,"column":80}},"51":{"start":{"line":118,"column":32},"end":{"line":118,"column":78}},"52":{"start":{"line":119,"column":32},"end":{"line":119,"column":51}},"53":{"start":{"line":120,"column":16},"end":{"line":120,"column":39}},"54":{"start":{"line":124,"column":12},"end":{"line":124,"column":69}},"55":{"start":{"line":125,"column":12},"end":{"line":125,"column":24}},"56":{"start":{"line":127,"column":8},"end":{"line":127,"column":69}},"57":{"start":{"line":127,"column":39},"end":{"line":127,"column":67}},"58":{"start":{"line":133,"column":26},"end":{"line":133,"column":69}},"59":{"start":{"line":135,"column":29},"end":{"line":142,"column":9}},"60":{"start":{"line":143,"column":21},"end":{"line":143,"column":119}},"61":{"start":{"line":144,"column":23},"end":{"line":153,"column":9}},"62":{"start":{"line":155,"column":8},"end":{"line":166,"column":9}},"63":{"start":{"line":156,"column":30},"end":{"line":161,"column":13}},"64":{"start":{"line":162,"column":37},"end":{"line":162,"column":137}},"65":{"start":{"line":163,"column":12},"end":{"line":163,"column":36}},"66":{"start":{"line":164,"column":12},"end":{"line":164,"column":55}},"67":{"start":{"line":165,"column":12},"end":{"line":165,"column":67}},"68":{"start":{"line":168,"column":8},"end":{"line":170,"column":9}},"69":{"start":{"line":169,"column":12},"end":{"line":169,"column":78}},"70":{"start":{"line":171,"column":8},"end":{"line":171,"column":22}},"71":{"start":{"line":177,"column":23},"end":{"line":177,"column":25}},"72":{"start":{"line":179,"column":8},"end":{"line":181,"column":9}},"73":{"start":{"line":180,"column":12},"end":{"line":180,"column":107}},"74":{"start":{"line":183,"column":8},"end":{"line":189,"column":9}},"75":{"start":{"line":184,"column":33},"end":{"line":184,"column":81}},"76":{"start":{"line":185,"column":30},"end":{"line":185,"column":77}},"77":{"start":{"line":186,"column":12},"end":{"line":188,"column":13}},"78":{"start":{"line":187,"column":16},"end":{"line":187,"column":103}},"79":{"start":{"line":190,"column":8},"end":{"line":196,"column":9}},"80":{"start":{"line":191,"column":33},"end":{"line":191,"column":81}},"81":{"start":{"line":192,"column":30},"end":{"line":192,"column":77}},"82":{"start":{"line":193,"column":12},"end":{"line":195,"column":13}},"83":{"start":{"line":194,"column":16},"end":{"line":194,"column":103}},"84":{"start":{"line":197,"column":8},"end":{"line":200,"column":10}},"85":{"start":{"line":206,"column":30},"end":{"line":206,"column":44}},"86":{"start":{"line":207,"column":32},"end":{"line":207,"column":69}},"87":{"start":{"line":207,"column":52},"end":{"line":207,"column":61}},"88":{"start":{"line":208,"column":37},"end":{"line":208,"column":94}},"89":{"start":{"line":208,"column":57},"end":{"line":208,"column":86}},"90":{"start":{"line":209,"column":28},"end":{"line":209,"column":144}},"91":{"start":{"line":209,"column":55},"end":{"line":209,"column":114}},"92":{"start":{"line":210,"column":30},"end":{"line":210,"column":110}},"93":{"start":{"line":211,"column":28},"end":{"line":211,"column":88}},"94":{"start":{"line":212,"column":37},"end":{"line":214,"column":15}},"95":{"start":{"line":213,"column":41},"end":{"line":213,"column":64}},"96":{"start":{"line":215,"column":8},"end":{"line":223,"column":10}},"97":{"start":{"line":229,"column":30},"end":{"line":236,"column":9}},"98":{"start":{"line":237,"column":37},"end":{"line":243,"column":9}},"99":{"start":{"line":244,"column":8},"end":{"line":271,"column":9}},"100":{"start":{"line":246,"column":27},"end":{"line":246,"column":57}},"101":{"start":{"line":247,"column":12},"end":{"line":258,"column":40}},"102":{"start":{"line":248,"column":16},"end":{"line":248,"column":40}},"103":{"start":{"line":249,"column":17},"end":{"line":258,"column":40}},"104":{"start":{"line":250,"column":16},"end":{"line":250,"column":41}},"105":{"start":{"line":251,"column":17},"end":{"line":258,"column":40}},"106":{"start":{"line":252,"column":16},"end":{"line":252,"column":41}},"107":{"start":{"line":253,"column":17},"end":{"line":258,"column":40}},"108":{"start":{"line":254,"column":16},"end":{"line":254,"column":42}},"109":{"start":{"line":255,"column":17},"end":{"line":258,"column":40}},"110":{"start":{"line":256,"column":16},"end":{"line":256,"column":43}},"111":{"start":{"line":258,"column":16},"end":{"line":258,"column":40}},"112":{"start":{"line":260,"column":25},"end":{"line":260,"column":47}},"113":{"start":{"line":261,"column":12},"end":{"line":270,"column":50}},"114":{"start":{"line":262,"column":16},"end":{"line":262,"column":50}},"115":{"start":{"line":263,"column":17},"end":{"line":270,"column":50}},"116":{"start":{"line":264,"column":16},"end":{"line":264,"column":52}},"117":{"start":{"line":265,"column":17},"end":{"line":270,"column":50}},"118":{"start":{"line":266,"column":16},"end":{"line":266,"column":53}},"119":{"start":{"line":267,"column":17},"end":{"line":270,"column":50}},"120":{"start":{"line":268,"column":16},"end":{"line":268,"column":54}},"121":{"start":{"line":270,"column":16},"end":{"line":270,"column":50}},"122":{"start":{"line":272,"column":8},"end":{"line":275,"column":10}},"123":{"start":{"line":282,"column":8},"end":{"line":282,"column":43}},"124":{"start":{"line":283,"column":8},"end":{"line":283,"column":96}},"125":{"start":{"line":284,"column":8},"end":{"line":284,"column":86}},"126":{"start":{"line":290,"column":22},"end":{"line":296,"column":9}},"127":{"start":{"line":297,"column":8},"end":{"line":321,"column":9}},"128":{"start":{"line":298,"column":12},"end":{"line":320,"column":13}},"129":{"start":{"line":300,"column":31},"end":{"line":300,"column":79}},"130":{"start":{"line":301,"column":16},"end":{"line":319,"column":17}},"131":{"start":{"line":302,"column":20},"end":{"line":302,"column":49}},"132":{"start":{"line":304,"column":21},"end":{"line":319,"column":17}},"133":{"start":{"line":305,"column":20},"end":{"line":305,"column":45}},"134":{"start":{"line":307,"column":21},"end":{"line":319,"column":17}},"135":{"start":{"line":308,"column":20},"end":{"line":308,"column":47}},"136":{"start":{"line":310,"column":21},"end":{"line":319,"column":17}},"137":{"start":{"line":311,"column":20},"end":{"line":311,"column":39}},"138":{"start":{"line":313,"column":21},"end":{"line":319,"column":17}},"139":{"start":{"line":314,"column":20},"end":{"line":314,"column":48}},"140":{"start":{"line":318,"column":20},"end":{"line":318,"column":49}},"141":{"start":{"line":322,"column":8},"end":{"line":322,"column":21}},"142":{"start":{"line":328,"column":8},"end":{"line":344,"column":9}},"143":{"start":{"line":329,"column":31},"end":{"line":329,"column":103}},"144":{"start":{"line":330,"column":31},"end":{"line":330,"column":79}},"145":{"start":{"line":331,"column":27},"end":{"line":331,"column":49}},"146":{"start":{"line":332,"column":24},"end":{"line":332,"column":43}},"147":{"start":{"line":333,"column":29},"end":{"line":333,"column":48}},"148":{"start":{"line":334,"column":26},"end":{"line":334,"column":43}},"149":{"start":{"line":335,"column":12},"end":{"line":338,"column":13}},"150":{"start":{"line":336,"column":31},"end":{"line":336,"column":138}},"151":{"start":{"line":336,"column":59},"end":{"line":336,"column":96}},"152":{"start":{"line":337,"column":16},"end":{"line":337,"column":71}},"153":{"start":{"line":339,"column":12},"end":{"line":339,"column":75}},"154":{"start":{"line":342,"column":12},"end":{"line":342,"column":70}},"155":{"start":{"line":343,"column":12},"end":{"line":343,"column":24}},"156":{"start":{"line":347,"column":0},"end":{"line":347,"column":40}},"157":{"start":{"line":352,"column":4},"end":{"line":385,"column":5}},"158":{"start":{"line":354,"column":35},"end":{"line":354,"column":108}},"159":{"start":{"line":355,"column":31},"end":{"line":355,"column":100}},"160":{"start":{"line":356,"column":23},"end":{"line":362,"column":9}},"161":{"start":{"line":363,"column":23},"end":{"line":363,"column":49}},"162":{"start":{"line":364,"column":24},"end":{"line":364,"column":42}},"163":{"start":{"line":365,"column":8},"end":{"line":365,"column":50}},"164":{"start":{"line":366,"column":8},"end":{"line":366,"column":58}},"165":{"start":{"line":367,"column":8},"end":{"line":367,"column":64}},"166":{"start":{"line":368,"column":8},"end":{"line":368,"column":80}},"167":{"start":{"line":369,"column":8},"end":{"line":369,"column":77}},"168":{"start":{"line":370,"column":8},"end":{"line":370,"column":75}},"169":{"start":{"line":371,"column":8},"end":{"line":371,"column":72}},"170":{"start":{"line":372,"column":8},"end":{"line":372,"column":76}},"171":{"start":{"line":373,"column":8},"end":{"line":373,"column":102}},"172":{"start":{"line":374,"column":8},"end":{"line":374,"column":47}},"173":{"start":{"line":375,"column":8},"end":{"line":375,"column":94}},"174":{"start":{"line":376,"column":8},"end":{"line":376,"column":88}},"175":{"start":{"line":377,"column":8},"end":{"line":377,"column":90}},"176":{"start":{"line":378,"column":8},"end":{"line":378,"column":74}},"177":{"start":{"line":379,"column":8},"end":{"line":379,"column":93}},"178":{"start":{"line":380,"column":8},"end":{"line":380,"column":50}},"179":{"start":{"line":383,"column":8},"end":{"line":383,"column":57}},"180":{"start":{"line":384,"column":8},"end":{"line":384,"column":24}},"181":{"start":{"line":387,"column":0},"end":{"line":387,"column":34}},"182":{"start":{"line":389,"column":0},"end":{"line":391,"column":1}},"183":{"start":{"line":390,"column":4},"end":{"line":390,"column":39}}},"fnMap":{"0":{"name":"(anonymous_0)","decl":{"start":{"line":2,"column":56},"end":{"line":2,"column":57}},"loc":{"start":{"line":2,"column":71},"end":{"line":4,"column":1}},"line":2},"1":{"name":"(anonymous_1)","decl":{"start":{"line":25,"column":4},"end":{"line":25,"column":5}},"loc":{"start":{"line":25,"column":24},"end":{"line":27,"column":5}},"line":25},"2":{"name":"(anonymous_2)","decl":{"start":{"line":31,"column":4},"end":{"line":31,"column":5}},"loc":{"start":{"line":31,"column":16},"end":{"line":107,"column":5}},"line":31},"3":{"name":"(anonymous_3)","decl":{"start":{"line":78,"column":41},"end":{"line":78,"column":42}},"loc":{"start":{"line":78,"column":46},"end":{"line":78,"column":75}},"line":78},"4":{"name":"(anonymous_4)","decl":{"start":{"line":78,"column":82},"end":{"line":78,"column":83}},"loc":{"start":{"line":78,"column":92},"end":{"line":78,"column":97}},"line":78},"5":{"name":"(anonymous_5)","decl":{"start":{"line":84,"column":45},"end":{"line":84,"column":46}},"loc":{"start":{"line":84,"column":50},"end":{"line":84,"column":59}},"line":84},"6":{"name":"(anonymous_6)","decl":{"start":{"line":111,"column":4},"end":{"line":111,"column":5}},"loc":{"start":{"line":111,"column":25},"end":{"line":128,"column":5}},"line":111},"7":{"name":"(anonymous_7)","decl":{"start":{"line":115,"column":43},"end":{"line":115,"column":44}},"loc":{"start":{"line":115,"column":48},"end":{"line":115,"column":67}},"line":115},"8":{"name":"(anonymous_8)","decl":{"start":{"line":127,"column":29},"end":{"line":127,"column":30}},"loc":{"start":{"line":127,"column":39},"end":{"line":127,"column":67}},"line":127},"9":{"name":"(anonymous_9)","decl":{"start":{"line":132,"column":4},"end":{"line":132,"column":5}},"loc":{"start":{"line":132,"column":36},"end":{"line":172,"column":5}},"line":132},"10":{"name":"(anonymous_10)","decl":{"start":{"line":176,"column":4},"end":{"line":176,"column":5}},"loc":{"start":{"line":176,"column":37},"end":{"line":201,"column":5}},"line":176},"11":{"name":"(anonymous_11)","decl":{"start":{"line":205,"column":4},"end":{"line":205,"column":5}},"loc":{"start":{"line":205,"column":30},"end":{"line":224,"column":5}},"line":205},"12":{"name":"(anonymous_12)","decl":{"start":{"line":207,"column":47},"end":{"line":207,"column":48}},"loc":{"start":{"line":207,"column":52},"end":{"line":207,"column":61}},"line":207},"13":{"name":"(anonymous_13)","decl":{"start":{"line":208,"column":52},"end":{"line":208,"column":53}},"loc":{"start":{"line":208,"column":57},"end":{"line":208,"column":86}},"line":208},"14":{"name":"(anonymous_14)","decl":{"start":{"line":209,"column":43},"end":{"line":209,"column":44}},"loc":{"start":{"line":209,"column":55},"end":{"line":209,"column":114}},"line":209},"15":{"name":"(anonymous_15)","decl":{"start":{"line":213,"column":29},"end":{"line":213,"column":30}},"loc":{"start":{"line":213,"column":41},"end":{"line":213,"column":64}},"line":213},"16":{"name":"(anonymous_16)","decl":{"start":{"line":228,"column":4},"end":{"line":228,"column":5}},"loc":{"start":{"line":228,"column":35},"end":{"line":276,"column":5}},"line":228},"17":{"name":"(anonymous_17)","decl":{"start":{"line":280,"column":4},"end":{"line":280,"column":5}},"loc":{"start":{"line":280,"column":31},"end":{"line":285,"column":5}},"line":280},"18":{"name":"(anonymous_18)","decl":{"start":{"line":289,"column":4},"end":{"line":289,"column":5}},"loc":{"start":{"line":289,"column":37},"end":{"line":323,"column":5}},"line":289},"19":{"name":"(anonymous_19)","decl":{"start":{"line":327,"column":4},"end":{"line":327,"column":5}},"loc":{"start":{"line":327,"column":34},"end":{"line":345,"column":5}},"line":327},"20":{"name":"(anonymous_20)","decl":{"start":{"line":336,"column":52},"end":{"line":336,"column":53}},"loc":{"start":{"line":336,"column":59},"end":{"line":336,"column":96}},"line":336},"21":{"name":"runBacktest","decl":{"start":{"line":351,"column":15},"end":{"line":351,"column":26}},"loc":{"start":{"line":351,"column":108},"end":{"line":386,"column":1}},"line":351}},"branchMap":{"0":{"loc":{"start":{"line":2,"column":22},"end":{"line":4,"column":1}},"type":"binary-expr","locations":[{"start":{"line":2,"column":23},"end":{"line":2,"column":27}},{"start":{"line":2,"column":31},"end":{"line":2,"column":51}},{"start":{"line":2,"column":56},"end":{"line":4,"column":1}}],"line":2},"1":{"loc":{"start":{"line":3,"column":11},"end":{"line":3,"column":61}},"type":"cond-expr","locations":[{"start":{"line":3,"column":37},"end":{"line":3,"column":40}},{"start":{"line":3,"column":43},"end":{"line":3,"column":61}}],"line":3},"2":{"loc":{"start":{"line":3,"column":12},"end":{"line":3,"column":33}},"type":"binary-expr","locations":[{"start":{"line":3,"column":12},"end":{"line":3,"column":15}},{"start":{"line":3,"column":19},"end":{"line":3,"column":33}}],"line":3},"3":{"loc":{"start":{"line":47,"column":16},"end":{"line":54,"column":17}},"type":"if","locations":[{"start":{"line":47,"column":16},"end":{"line":54,"column":17}},{"start":{},"end":{}}],"line":47},"4":{"loc":{"start":{"line":67,"column":33},"end":{"line":67,"column":89}},"type":"cond-expr","locations":[{"start":{"line":67,"column":58},"end":{"line":67,"column":71}},{"start":{"line":67,"column":74},"end":{"line":67,"column":89}}],"line":67},"5":{"loc":{"start":{"line":79,"column":32},"end":{"line":81,"column":15}},"type":"cond-expr","locations":[{"start":{"line":80,"column":14},"end":{"line":80,"column":63}},{"start":{"line":81,"column":14},"end":{"line":81,"column":15}}],"line":79},"6":{"loc":{"start":{"line":82,"column":31},"end":{"line":82,"column":86}},"type":"cond-expr","locations":[{"start":{"line":82,"column":57},"end":{"line":82,"column":82}},{"start":{"line":82,"column":85},"end":{"line":82,"column":86}}],"line":82},"7":{"loc":{"start":{"line":155,"column":8},"end":{"line":166,"column":9}},"type":"if","locations":[{"start":{"line":155,"column":8},"end":{"line":166,"column":9}},{"start":{},"end":{}}],"line":155},"8":{"loc":{"start":{"line":168,"column":8},"end":{"line":170,"column":9}},"type":"if","locations":[{"start":{"line":168,"column":8},"end":{"line":170,"column":9}},{"start":{},"end":{}}],"line":168},"9":{"loc":{"start":{"line":179,"column":8},"end":{"line":181,"column":9}},"type":"if","locations":[{"start":{"line":179,"column":8},"end":{"line":181,"column":9}},{"start":{},"end":{}}],"line":179},"10":{"loc":{"start":{"line":183,"column":8},"end":{"line":189,"column":9}},"type":"if","locations":[{"start":{"line":183,"column":8},"end":{"line":189,"column":9}},{"start":{},"end":{}}],"line":183},"11":{"loc":{"start":{"line":183,"column":12},"end":{"line":183,"column":59}},"type":"binary-expr","locations":[{"start":{"line":183,"column":12},"end":{"line":183,"column":33}},{"start":{"line":183,"column":37},"end":{"line":183,"column":59}}],"line":183},"12":{"loc":{"start":{"line":186,"column":12},"end":{"line":188,"column":13}},"type":"if","locations":[{"start":{"line":186,"column":12},"end":{"line":188,"column":13}},{"start":{},"end":{}}],"line":186},"13":{"loc":{"start":{"line":190,"column":8},"end":{"line":196,"column":9}},"type":"if","locations":[{"start":{"line":190,"column":8},"end":{"line":196,"column":9}},{"start":{},"end":{}}],"line":190},"14":{"loc":{"start":{"line":190,"column":12},"end":{"line":190,"column":59}},"type":"binary-expr","locations":[{"start":{"line":190,"column":12},"end":{"line":190,"column":33}},{"start":{"line":190,"column":37},"end":{"line":190,"column":59}}],"line":190},"15":{"loc":{"start":{"line":193,"column":12},"end":{"line":195,"column":13}},"type":"if","locations":[{"start":{"line":193,"column":12},"end":{"line":195,"column":13}},{"start":{},"end":{}}],"line":193},"16":{"loc":{"start":{"line":209,"column":88},"end":{"line":209,"column":112}},"type":"binary-expr","locations":[{"start":{"line":209,"column":88},"end":{"line":209,"column":105}},{"start":{"line":209,"column":109},"end":{"line":209,"column":112}}],"line":209},"17":{"loc":{"start":{"line":210,"column":30},"end":{"line":210,"column":110}},"type":"cond-expr","locations":[{"start":{"line":210,"column":50},"end":{"line":210,"column":80}},{"start":{"line":210,"column":83},"end":{"line":210,"column":110}}],"line":210},"18":{"loc":{"start":{"line":211,"column":28},"end":{"line":211,"column":88}},"type":"cond-expr","locations":[{"start":{"line":211,"column":48},"end":{"line":211,"column":84}},{"start":{"line":211,"column":87},"end":{"line":211,"column":88}}],"line":211},"19":{"loc":{"start":{"line":212,"column":37},"end":{"line":214,"column":15}},"type":"cond-expr","locations":[{"start":{"line":213,"column":14},"end":{"line":213,"column":84}},{"start":{"line":214,"column":14},"end":{"line":214,"column":15}}],"line":212},"20":{"loc":{"start":{"line":247,"column":12},"end":{"line":258,"column":40}},"type":"if","locations":[{"start":{"line":247,"column":12},"end":{"line":258,"column":40}},{"start":{"line":249,"column":17},"end":{"line":258,"column":40}}],"line":247},"21":{"loc":{"start":{"line":249,"column":17},"end":{"line":258,"column":40}},"type":"if","locations":[{"start":{"line":249,"column":17},"end":{"line":258,"column":40}},{"start":{"line":251,"column":17},"end":{"line":258,"column":40}}],"line":249},"22":{"loc":{"start":{"line":251,"column":17},"end":{"line":258,"column":40}},"type":"if","locations":[{"start":{"line":251,"column":17},"end":{"line":258,"column":40}},{"start":{"line":253,"column":17},"end":{"line":258,"column":40}}],"line":251},"23":{"loc":{"start":{"line":253,"column":17},"end":{"line":258,"column":40}},"type":"if","locations":[{"start":{"line":253,"column":17},"end":{"line":258,"column":40}},{"start":{"line":255,"column":17},"end":{"line":258,"column":40}}],"line":253},"24":{"loc":{"start":{"line":255,"column":17},"end":{"line":258,"column":40}},"type":"if","locations":[{"start":{"line":255,"column":17},"end":{"line":258,"column":40}},{"start":{"line":258,"column":16},"end":{"line":258,"column":40}}],"line":255},"25":{"loc":{"start":{"line":261,"column":12},"end":{"line":270,"column":50}},"type":"if","locations":[{"start":{"line":261,"column":12},"end":{"line":270,"column":50}},{"start":{"line":263,"column":17},"end":{"line":270,"column":50}}],"line":261},"26":{"loc":{"start":{"line":263,"column":17},"end":{"line":270,"column":50}},"type":"if","locations":[{"start":{"line":263,"column":17},"end":{"line":270,"column":50}},{"start":{"line":265,"column":17},"end":{"line":270,"column":50}}],"line":263},"27":{"loc":{"start":{"line":265,"column":17},"end":{"line":270,"column":50}},"type":"if","locations":[{"start":{"line":265,"column":17},"end":{"line":270,"column":50}},{"start":{"line":267,"column":17},"end":{"line":270,"column":50}}],"line":265},"28":{"loc":{"start":{"line":267,"column":17},"end":{"line":270,"column":50}},"type":"if","locations":[{"start":{"line":267,"column":17},"end":{"line":270,"column":50}},{"start":{"line":270,"column":16},"end":{"line":270,"column":50}}],"line":267},"29":{"loc":{"start":{"line":298,"column":12},"end":{"line":320,"column":13}},"type":"if","locations":[{"start":{"line":298,"column":12},"end":{"line":320,"column":13}},{"start":{},"end":{}}],"line":298},"30":{"loc":{"start":{"line":298,"column":16},"end":{"line":298,"column":60}},"type":"binary-expr","locations":[{"start":{"line":298,"column":16},"end":{"line":298,"column":31}},{"start":{"line":298,"column":35},"end":{"line":298,"column":60}}],"line":298},"31":{"loc":{"start":{"line":301,"column":16},"end":{"line":319,"column":17}},"type":"if","locations":[{"start":{"line":301,"column":16},"end":{"line":319,"column":17}},{"start":{"line":304,"column":21},"end":{"line":319,"column":17}}],"line":301},"32":{"loc":{"start":{"line":301,"column":20},"end":{"line":301,"column":73}},"type":"binary-expr","locations":[{"start":{"line":301,"column":20},"end":{"line":301,"column":45}},{"start":{"line":301,"column":49},"end":{"line":301,"column":73}}],"line":301},"33":{"loc":{"start":{"line":304,"column":21},"end":{"line":319,"column":17}},"type":"if","locations":[{"start":{"line":304,"column":21},"end":{"line":319,"column":17}},{"start":{"line":307,"column":21},"end":{"line":319,"column":17}}],"line":304},"34":{"loc":{"start":{"line":304,"column":25},"end":{"line":304,"column":78}},"type":"binary-expr","locations":[{"start":{"line":304,"column":25},"end":{"line":304,"column":51}},{"start":{"line":304,"column":55},"end":{"line":304,"column":78}}],"line":304},"35":{"loc":{"start":{"line":307,"column":21},"end":{"line":319,"column":17}},"type":"if","locations":[{"start":{"line":307,"column":21},"end":{"line":319,"column":17}},{"start":{"line":310,"column":21},"end":{"line":319,"column":17}}],"line":307},"36":{"loc":{"start":{"line":310,"column":21},"end":{"line":319,"column":17}},"type":"if","locations":[{"start":{"line":310,"column":21},"end":{"line":319,"column":17}},{"start":{"line":313,"column":21},"end":{"line":319,"column":17}}],"line":310},"37":{"loc":{"start":{"line":313,"column":21},"end":{"line":319,"column":17}},"type":"if","locations":[{"start":{"line":313,"column":21},"end":{"line":319,"column":17}},{"start":{"line":316,"column":21},"end":{"line":319,"column":17}}],"line":313},"38":{"loc":{"start":{"line":313,"column":25},"end":{"line":313,"column":87}},"type":"binary-expr","locations":[{"start":{"line":313,"column":25},"end":{"line":313,"column":53}},{"start":{"line":313,"column":57},"end":{"line":313,"column":87}}],"line":313},"39":{"loc":{"start":{"line":335,"column":12},"end":{"line":338,"column":13}},"type":"if","locations":[{"start":{"line":335,"column":12},"end":{"line":338,"column":13}},{"start":{},"end":{}}],"line":335},"40":{"loc":{"start":{"line":336,"column":31},"end":{"line":336,"column":138}},"type":"binary-expr","locations":[{"start":{"line":336,"column":31},"end":{"line":336,"column":108}},{"start":{"line":336,"column":112},"end":{"line":336,"column":138}}],"line":336},"41":{"loc":{"start":{"line":351,"column":27},"end":{"line":351,"column":66}},"type":"default-arg","locations":[{"start":{"line":351,"column":41},"end":{"line":351,"column":66}}],"line":351},"42":{"loc":{"start":{"line":351,"column":68},"end":{"line":351,"column":106}},"type":"default-arg","locations":[{"start":{"line":351,"column":81},"end":{"line":351,"column":106}}],"line":351},"43":{"loc":{"start":{"line":389,"column":0},"end":{"line":391,"column":1}},"type":"if","locations":[{"start":{"line":389,"column":0},"end":{"line":391,"column":1}},{"start":{},"end":{}}],"line":389}},"s":{"0":1,"1":2,"2":1,"3":1,"4":1,"5":1,"6":1,"7":1,"8":1,"9":1,"10":1,"11":1,"12":1,"13":3,"14":3,"15":3,"16":2,"17":2,"18":2,"19":1,"20":1,"21":1,"22":1,"23":1,"24":1,"25":0,"26":0,"27":0,"28":2,"29":2,"30":2,"31":2,"32":1,"33":0,"34":2,"35":2,"36":2,"37":2,"38":1,"39":2,"40":2,"41":2,"42":2,"43":2,"44":3,"45":3,"46":3,"47":3,"48":5,"49":3,"50":2,"51":2,"52":2,"53":1,"54":1,"55":1,"56":2,"57":0,"58":1,"59":1,"60":1,"61":1,"62":1,"63":0,"64":0,"65":0,"66":0,"67":0,"68":1,"69":0,"70":1,"71":0,"72":0,"73":0,"74":0,"75":0,"76":0,"77":0,"78":0,"79":0,"80":0,"81":0,"82":0,"83":0,"84":0,"85":2,"86":2,"87":1,"88":2,"89":1,"90":2,"91":1,"92":2,"93":2,"94":2,"95":1,"96":2,"97":2,"98":2,"99":2,"100":1,"101":1,"102":1,"103":0,"104":0,"105":0,"106":0,"107":0,"108":0,"109":0,"110":0,"111":0,"112":1,"113":1,"114":1,"115":0,"116":0,"117":0,"118":0,"119":0,"120":0,"121":0,"122":2,"123":2,"124":2,"125":2,"126":2,"127":2,"128":1,"129":1,"130":1,"131":0,"132":1,"133":0,"134":1,"135":0,"136":1,"137":0,"138":1,"139":0,"140":1,"141":2,"142":2,"143":2,"144":2,"145":2,"146":2,"147":2,"148":2,"149":2,"150":0,"151":0,"152":0,"153":2,"154":0,"155":0,"156":1,"157":0,"158":0,"159":0,"160":0,"161":0,"162":0,"163":0,"164":0,"165":0,"166":0,"167":0,"168":0,"169":0,"170":0,"171":0,"172":0,"173":0,"174":0,"175":0,"176":0,"177":0,"178":0,"179":0,"180":0,"181":1,"182":1,"183":0},"f":{"0":2,"1":3,"2":3,"3":1,"4":0,"5":1,"6":3,"7":5,"8":0,"9":1,"10":0,"11":2,"12":1,"13":1,"14":1,"15":1,"16":2,"17":2,"18":2,"19":2,"20":0,"21":0},"b":{"0":[1,1,1],"1":[1,1],"2":[2,2],"3":[0,1],"4":[0,0],"5":[1,1],"6":[1,1],"7":[0,1],"8":[0,1],"9":[0,0],"10":[0,0],"11":[0,0],"12":[0,0],"13":[0,0],"14":[0,0],"15":[0,0],"16":[1,0],"17":[1,1],"18":[1,1],"19":[1,1],"20":[1,0],"21":[0,0],"22":[0,0],"23":[0,0],"24":[0,0],"25":[1,0],"26":[0,0],"27":[0,0],"28":[0,0],"29":[1,0],"30":[1,0],"31":[0,1],"32":[1,0],"33":[0,1],"34":[1,1],"35":[0,1],"36":[0,1],"37":[0,1],"38":[1,1],"39":[0,2],"40":[0,0],"41":[0],"42":[0],"43":[0,1]},"inputSourceMap":{"version":3,"file":"/home/runner/work/jit/jit/src/backtest/runner.ts","sources":["/home/runner/work/jit/jit/src/backtest/runner.ts"],"names":[],"mappings":";;;;;;AAAA,4DAAiC;AACjC,kDAA2D;AAC3D,wDAAyG;AACzG,yDAAuG;AACvG,8CAAwC;AAExC,2BAAoC;AACpC,+BAA4B;AAC5B,8CAAsB;AAEtB,0CAA0C;AAC1C,oBAAO,CAAC,MAAM,CAAC;IACb,SAAS,EAAE,EAAE;IACb,QAAQ,EAAE,oBAAO,CAAC,UAAU;CAC7B,CAAC,CAAC;AA0GH;;GAEG;AACH,MAAa,cAAc;IACjB,MAAM,CAAiB;IAE/B,YAAY,MAAsB;QAChC,IAAI,CAAC,MAAM,GAAG,MAAM,CAAC;IACvB,CAAC;IAED;;OAEG;IACH,KAAK,CAAC,GAAG;QACP,YAAG,CAAC,IAAI,CAAC,uBAAuB,EAAE;YAChC,WAAW,EAAE,IAAI,CAAC,MAAM,CAAC,WAAW;YACpC,UAAU,EAAE,IAAI,CAAC,MAAM,CAAC,UAAU;SACnC,CAAC,CAAC;QAEH,gBAAgB;QAChB,MAAM,QAAQ,GAAG,MAAM,IAAI,CAAC,YAAY,EAAE,CAAC;QAC3C,YAAG,CAAC,IAAI,CAAC,UAAU,QAAQ,CAAC,MAAM,WAAW,CAAC,CAAC;QAE/C,YAAY;QACZ,MAAM,OAAO,GAAqB,EAAE,CAAC;QAErC,KAAK,MAAM,OAAO,IAAI,QAAQ,EAAE,CAAC;YAC/B,MAAM,SAAS,GAAG,IAAI,CAAC,GAAG,EAAE,CAAC;YAE7B,IAAI,CAAC;gBACH,MAAM,MAAM,GAAG,MAAM,IAAI,CAAC,gBAAgB,CAAC,OAAO,CAAC,CAAC;gBACpD,MAAM,CAAC,eAAe,GAAG,IAAI,CAAC,GAAG,EAAE,GAAG,SAAS,CAAC;gBAChD,OAAO,CAAC,IAAI,CAAC,MAAM,CAAC,CAAC;gBAErB,IAAI,IAAI,CAAC,MAAM,CAAC,OAAO,EAAE,CAAC;oBACxB,YAAG,CAAC,IAAI,CAAC,mBAAmB,EAAE;wBAC5B,IAAI,EAAE,OAAO,CAAC,IAAI;wBAClB,OAAO,EAAE,MAAM,CAAC,OAAO;wBACvB,UAAU,EAAE,MAAM,CAAC,MAAM,CAAC,eAAe,CAAC,GAAG,CAAC;wBAC9C,aAAa,EAAE,MAAM,CAAC,eAAe;qBACtC,CAAC,CAAC;gBACL,CAAC;YACH,CAAC;YAAC,OAAO,KAAK,EAAE,CAAC;gBACf,YAAG,CAAC,KAAK,CAAC,gBAAgB,EAAE,EAAE,IAAI,EAAE,OAAO,CAAC,IAAI,EAAE,KAAK,EAAE,CAAC,CAAC;gBAC3D,OAAO,CAAC,IAAI,CAAC;oBACX,WAAW,EAAE,OAAO,CAAC,IAAI;oBACzB,OAAO,EAAE,KAAK;oBACd,IAAI,EAAE,IAAI;oBACV,SAAS,EAAE,KAAK;oBAChB,gBAAgB,EAAE,IAAI;oBACtB,eAAe,EAAE,GAAG;oBACpB,UAAU,EAAE;wBACV,MAAM,EAAE,KAAK;wBACb,MAAM,EAAE,CAAC,KAAK,YAAY,KAAK,CAAC,CAAC,CAAC,KAAK,CAAC,OAAO,CAAC,CAAC,CAAC,eAAe,CAAC;qBACnE;oBACD,eAAe,EAAE,IAAI,CAAC,GAAG,EAAE,GAAG,SAAS;iBACxC,CAAC,CAAC;YACL,CAAC;QACH,CAAC;QAED,+BAA+B;QAC/B,MAAM,OAAO,GAAG,IAAI,CAAC,gBAAgB,CAAC,OAAO,CAAC,CAAC;QAC/C,MAAM,YAAY,GAAG,IAAI,CAAC,qBAAqB,CAAC,OAAO,CAAC,CAAC;QAEzD,gCAAgC;QAChC,MAAM,WAAW,GAAG,OAAO,CAAC,WAAW,CAAC;QACxC,MAAM,YAAY,GAAG,OAAO,CAAC,GAAG,CAAC,CAAC,CAAC,EAAE,CAAC,UAAU,CAAC,CAAC,CAAC,eAAe,CAAC,CAAC,CAAC,IAAI,CAAC,CAAC,CAAC,EAAE,CAAC,EAAE,EAAE,CAAC,CAAC,GAAG,CAAC,CAAC,CAAC;QAC3F,MAAM,eAAe,GAAG,YAAY,CAAC,MAAM,GAAG,CAAC;YAC7C,CAAC,CAAC,YAAY,CAAC,IAAI,CAAC,KAAK,CAAC,YAAY,CAAC,MAAM,GAAG,CAAC,CAAC,CAAC;YACnD,CAAC,CAAC,CAAC,CAAC;QACN,MAAM,cAAc,GAAG,YAAY,CAAC,MAAM,GAAG,CAAC,CAAC,CAAC,CAAC,IAAI,CAAC,GAAG,CAAC,GAAG,YAAY,CAAC,CAAC,CAAC,CAAC,CAAC,CAAC;QAC/E,MAAM,UAAU,GAAG,OAAO,CAAC,MAAM,CAAC,CAAC,2BAA2B;QAC9D,MAAM,aAAa,GAAG,OAAO,CAAC,MAAM,CAAC,CAAC,CAAC,EAAE,CAAC,CAAC,CAAC,OAAO,CAAC,CAAC,MAAM,CAAC;QAE5D,sDAAsD;QACtD,MAAM,cAAc,GAAG,IAAI,CAAC,uBAAuB,CAAC,OAAO,CAAC,CAAC;QAE7D,MAAM,eAAe,GAAoB;YACvC,OAAO;YACP,WAAW;YACX,eAAe;YACf,cAAc;YACd,UAAU;YACV,aAAa;YACb,cAAc;YACd,OAAO;YACP,YAAY;YACZ,SAAS,EAAE,IAAI,CAAC,GAAG,EAAE;SACtB,CAAC;QAEF,eAAe;QACf,MAAM,IAAI,CAAC,WAAW,CAAC,eAAe,CAAC,CAAC;QAExC,YAAG,CAAC,IAAI,CAAC,oBAAoB,EAAE;YAC7B,aAAa,EAAE,OAAO,CAAC,aAAa;YACpC,WAAW,EAAE,OAAO,CAAC,WAAW;YAChC,WAAW,EAAE,OAAO,CAAC,cAAc;SACpC,CAAC,CAAC;QAEH,OAAO,eAAe,CAAC;IACzB,CAAC;IAED;;OAEG;IACK,KAAK,CAAC,YAAY;QACxB,MAAM,QAAQ,GAAsB,EAAE,CAAC;QAEvC,IAAI,CAAC;YACH,MAAM,KAAK,GAAG,MAAM,aAAE,CAAC,OAAO,CAAC,IAAI,CAAC,MAAM,CAAC,WAAW,CAAC,CAAC;YACxD,MAAM,SAAS,GAAG,KAAK,CAAC,MAAM,CAAC,CAAC,CAAC,EAAE,CAAC,CAAC,CAAC,QAAQ,CAAC,OAAO,CAAC,CAAC,CAAC;YAEzD,KAAK,MAAM,IAAI,IAAI,SAAS,EAAE,CAAC;gBAC7B,MAAM,QAAQ,GAAG,IAAA,WAAI,EAAC,IAAI,CAAC,MAAM,CAAC,WAAW,EAAE,IAAI,CAAC,CAAC;gBACrD,MAAM,OAAO,GAAG,MAAM,aAAE,CAAC,QAAQ,CAAC,QAAQ,EAAE,MAAM,CAAC,CAAC;gBACpD,MAAM,OAAO,GAAG,IAAI,CAAC,KAAK,CAAC,OAAO,CAAoB,CAAC;gBACvD,QAAQ,CAAC,IAAI,CAAC,OAAO,CAAC,CAAC;YACzB,CAAC;QACH,CAAC;QAAC,OAAO,KAAK,EAAE,CAAC;YACf,YAAG,CAAC,KAAK,CAAC,yBAAyB,EAAE,EAAE,KAAK,EAAE,CAAC,CAAC;YAChD,MAAM,KAAK,CAAC;QACd,CAAC;QAED,OAAO,QAAQ,CAAC,IAAI,CAAC,CAAC,CAAC,EAAE,CAAC,EAAE,EAAE,CAAC,CAAC,CAAC,IAAI,CAAC,aAAa,CAAC,CAAC,CAAC,IAAI,CAAC,CAAC,CAAC;IAC/D,CAAC;IAED;;OAEG;IACK,KAAK,CAAC,gBAAgB,CAAC,OAAwB;QACrD,MAAM,SAAS,GAAG,IAAA,wBAAW,EAAC,OAAO,CAAC,IAAI,CAAC,CAAC;QAE5C,oBAAoB;QACpB,MAAM,YAAY,GAAG;YACnB,WAAW,EAAE,OAAO,CAAC,IAAI,CAAC,WAAW;YACrC,QAAQ,EAAE,OAAO,CAAC,IAAI,CAAC,QAAQ;YAC/B,OAAO,EAAE,OAAO,CAAC,IAAI,CAAC,OAAO;YAC7B,YAAY,EAAE,EAAE,EAAE,oBAAoB;YACtC,eAAe,EAAE,CAAC,EAAE,uBAAuB;YAC3C,aAAa,EAAE,CAAC,EAAE,WAAW;SAC9B,CAAC;QAEF,MAAM,IAAI,GAAG,IAAA,qBAAO,EAClB,SAAS,EACT,YAAY,EACZ,OAAO,CAAC,SAAS,EACjB,IAAI,CAAC,MAAM,CAAC,cAAc,CAC3B,CAAC;QAEF,MAAM,MAAM,GAAmB;YAC7B,WAAW,EAAE,OAAO,CAAC,IAAI;YACzB,OAAO,EAAE,IAAI,KAAK,IAAI;YACtB,IAAI;YACJ,SAAS,EAAE,KAAK;YAChB,gBAAgB,EAAE,IAAI;YACtB,eAAe,EAAE,GAAG;YACpB,UAAU,EAAE,EAAE,MAAM,EAAE,IAAI,EAAE,MAAM,EAAE,EAAE,EAAE;YACxC,eAAe,EAAE,CAAC;SACnB,CAAC;QAEF,qCAAqC;QACrC,IAAI,IAAI,EAAE,CAAC;YACT,MAAM,SAAS,GAAmB;gBAChC,eAAe,EAAE,IAAI,CAAC,MAAM,CAAC,cAAc,CAAC,eAAe;gBAC3D,cAAc,EAAE,IAAI,CAAC,MAAM,CAAC,cAAc,CAAC,cAAc;gBACzD,eAAe,EAAE,IAAI,CAAC,MAAM,CAAC,cAAc,CAAC,eAAe;gBAC3D,cAAc,EAAE,IAAI,CAAC,MAAM,CAAC,cAAc,CAAC,cAAc;aAC1D,CAAC;YAEF,MAAM,gBAAgB,GAAG,IAAA,kCAAkB,EACzC,SAAS,EACT,IAAI,EACJ,OAAO,CAAC,IAAI,EACZ,OAAO,CAAC,SAAS,EACjB,SAAS,CACV,CAAC;YAEF,MAAM,CAAC,SAAS,GAAG,IAAI,CAAC;YACxB,MAAM,CAAC,gBAAgB,GAAG,gBAAgB,CAAC;YAC3C,MAAM,CAAC,eAAe,GAAG,gBAAgB,CAAC,YAAY,CAAC;QACzD,CAAC;QAED,oCAAoC;QACpC,IAAI,OAAO,CAAC,QAAQ,EAAE,CAAC;YACrB,MAAM,CAAC,UAAU,GAAG,IAAI,CAAC,cAAc,CAAC,MAAM,EAAE,OAAO,CAAC,QAAQ,CAAC,CAAC;QACpE,CAAC;QAED,OAAO,MAAM,CAAC;IAChB,CAAC;IAED;;OAEG;IACK,cAAc,CACpB,MAAsB,EACtB,QAAkD;QAElD,MAAM,MAAM,GAAa,EAAE,CAAC;QAE5B,yCAAyC;QACzC,IAAI,MAAM,CAAC,OAAO,KAAK,QAAQ,CAAC,aAAa,EAAE,CAAC;YAC9C,MAAM,CAAC,IAAI,CACT,0BAA0B,QAAQ,CAAC,aAAa,iBAAiB,MAAM,CAAC,OAAO,EAAE,CAClF,CAAC;QACJ,CAAC;QAED,kCAAkC;QAClC,IAAI,QAAQ,CAAC,YAAY,IAAI,MAAM,CAAC,eAAe,EAAE,CAAC;YACpD,MAAM,YAAY,GAAG,IAAI,oBAAO,CAAC,MAAM,CAAC,eAAe,CAAC,CAAC;YACzD,MAAM,SAAS,GAAG,IAAI,oBAAO,CAAC,QAAQ,CAAC,YAAY,CAAC,CAAC;YAErD,IAAI,YAAY,CAAC,EAAE,CAAC,SAAS,CAAC,EAAE,CAAC;gBAC/B,MAAM,CAAC,IAAI,CACT,UAAU,MAAM,CAAC,eAAe,kBAAkB,QAAQ,CAAC,YAAY,EAAE,CAC1E,CAAC;YACJ,CAAC;QACH,CAAC;QAED,IAAI,QAAQ,CAAC,YAAY,IAAI,MAAM,CAAC,eAAe,EAAE,CAAC;YACpD,MAAM,YAAY,GAAG,IAAI,oBAAO,CAAC,MAAM,CAAC,eAAe,CAAC,CAAC;YACzD,MAAM,SAAS,GAAG,IAAI,oBAAO,CAAC,QAAQ,CAAC,YAAY,CAAC,CAAC;YAErD,IAAI,YAAY,CAAC,EAAE,CAAC,SAAS,CAAC,EAAE,CAAC;gBAC/B,MAAM,CAAC,IAAI,CACT,UAAU,MAAM,CAAC,eAAe,kBAAkB,QAAQ,CAAC,YAAY,EAAE,CAC1E,CAAC;YACJ,CAAC;QACH,CAAC;QAED,OAAO;YACL,MAAM,EAAE,MAAM,CAAC,MAAM,KAAK,CAAC;YAC3B,MAAM;SACP,CAAC;IACJ,CAAC;IAED;;OAEG;IACK,gBAAgB,CAAC,OAAyB;QAChD,MAAM,aAAa,GAAG,OAAO,CAAC,MAAM,CAAC;QACrC,MAAM,eAAe,GAAG,OAAO,CAAC,MAAM,CAAC,CAAC,CAAC,EAAE,CAAC,CAAC,CAAC,OAAO,CAAC,CAAC,MAAM,CAAC;QAC9D,MAAM,oBAAoB,GAAG,OAAO,CAAC,MAAM,CAAC,CAAC,CAAC,EAAE,CAAC,MAAM,CAAC,CAAC,CAAC,eAAe,CAAC,GAAG,CAAC,CAAC,CAAC,MAAM,CAAC;QAEvF,MAAM,WAAW,GAAG,OAAO,CAAC,MAAM,CAChC,CAAC,GAAG,EAAE,CAAC,EAAE,EAAE,CAAC,GAAG,CAAC,GAAG,CAAC,IAAI,oBAAO,CAAC,CAAC,CAAC,eAAe,IAAI,GAAG,CAAC,CAAC,EAC1D,IAAI,oBAAO,CAAC,CAAC,CAAC,CACf,CAAC;QAEF,MAAM,aAAa,GAAG,aAAa,GAAG,CAAC,CAAC,CAAC,CAAC,WAAW,CAAC,GAAG,CAAC,aAAa,CAAC,CAAC,CAAC,CAAC,IAAI,oBAAO,CAAC,CAAC,CAAC,CAAC;QAC1F,MAAM,WAAW,GAAG,aAAa,GAAG,CAAC,CAAC,CAAC,CAAC,oBAAoB,GAAG,aAAa,CAAC,CAAC,CAAC,CAAC,CAAC;QAEjF,MAAM,oBAAoB,GAAG,aAAa,GAAG,CAAC;YAC5C,CAAC,CAAC,OAAO,CAAC,MAAM,CAAC,CAAC,GAAG,EAAE,CAAC,EAAE,EAAE,CAAC,GAAG,GAAG,CAAC,CAAC,eAAe,EAAE,CAAC,CAAC,GAAG,aAAa;YACxE,CAAC,CAAC,CAAC,CAAC;QAEN,OAAO;YACL,aAAa;YACb,eAAe;YACf,oBAAoB;YACpB,cAAc,EAAE,WAAW,CAAC,QAAQ,EAAE;YACtC,gBAAgB,EAAE,aAAa,CAAC,QAAQ,EAAE;YAC1C,WAAW;YACX,sBAAsB,EAAE,oBAAoB;SAC7C,CAAC;IACJ,CAAC;IAED;;OAEG;IACK,qBAAqB,CAAC,OAAyB;QACrD,MAAM,aAAa,GAA2B;YAC5C,MAAM,EAAE,CAAC;YACT,OAAO,EAAE,CAAC;YACV,OAAO,EAAE,CAAC;YACV,QAAQ,EAAE,CAAC;YACX,SAAS,EAAE,CAAC;YACZ,MAAM,EAAE,CAAC;SACV,CAAC;QAEF,MAAM,oBAAoB,GAA2B;YACnD,SAAS,EAAE,CAAC;YACZ,WAAW,EAAE,CAAC;YACd,YAAY,EAAE,CAAC;YACf,aAAa,EAAE,CAAC;YAChB,SAAS,EAAE,CAAC;SACb,CAAC;QAEF,KAAK,MAAM,MAAM,IAAI,OAAO,EAAE,CAAC;YAC7B,sBAAsB;YACtB,MAAM,MAAM,GAAG,MAAM,CAAC,MAAM,CAAC,eAAe,CAAC,CAAC;YAC9C,IAAI,MAAM,IAAI,EAAE;gBAAE,aAAa,CAAC,MAAM,CAAC,EAAE,CAAC;iBACrC,IAAI,MAAM,IAAI,EAAE;gBAAE,aAAa,CAAC,OAAO,CAAC,EAAE,CAAC;iBAC3C,IAAI,MAAM,IAAI,EAAE;gBAAE,aAAa,CAAC,OAAO,CAAC,EAAE,CAAC;iBAC3C,IAAI,MAAM,IAAI,GAAG;gBAAE,aAAa,CAAC,QAAQ,CAAC,EAAE,CAAC;iBAC7C,IAAI,MAAM,IAAI,GAAG;gBAAE,aAAa,CAAC,SAAS,CAAC,EAAE,CAAC;;gBAC9C,aAAa,CAAC,MAAM,CAAC,EAAE,CAAC;YAE7B,8BAA8B;YAC9B,MAAM,IAAI,GAAG,MAAM,CAAC,eAAe,CAAC;YACpC,IAAI,IAAI,IAAI,GAAG;gBAAE,oBAAoB,CAAC,SAAS,CAAC,EAAE,CAAC;iBAC9C,IAAI,IAAI,IAAI,GAAG;gBAAE,oBAAoB,CAAC,WAAW,CAAC,EAAE,CAAC;iBACrD,IAAI,IAAI,IAAI,IAAI;gBAAE,oBAAoB,CAAC,YAAY,CAAC,EAAE,CAAC;iBACvD,IAAI,IAAI,IAAI,IAAI;gBAAE,oBAAoB,CAAC,aAAa,CAAC,EAAE,CAAC;;gBACxD,oBAAoB,CAAC,SAAS,CAAC,EAAE,CAAC;QACzC,CAAC;QAED,OAAO;YACL,aAAa;YACb,oBAAoB;SACrB,CAAC;IACJ,CAAC;IAED;;OAEG;IACK,KAAK,CAAC,WAAW,CAAC,OAAwB;QAChD,0BAA0B;QAC1B,MAAM,IAAI,CAAC,cAAc,CAAC,OAAO,CAAC,CAAC;QAEnC,MAAM,aAAE,CAAC,SAAS,CAChB,IAAI,CAAC,MAAM,CAAC,UAAU,EACtB,IAAI,CAAC,SAAS,CAAC,OAAO,EAAE,IAAI,EAAE,CAAC,CAAC,CACjC,CAAC;QAEF,YAAG,CAAC,IAAI,CAAC,wBAAwB,EAAE,EAAE,IAAI,EAAE,IAAI,CAAC,MAAM,CAAC,UAAU,EAAE,CAAC,CAAC;IACvE,CAAC;IAED;;OAEG;IACK,uBAAuB,CAAC,OAAyB;QAOvD,MAAM,KAAK,GAAG;YACZ,oBAAoB,EAAE,CAAC;YACvB,gBAAgB,EAAE,CAAC;YACnB,kBAAkB,EAAE,CAAC;YACrB,UAAU,EAAE,CAAC;YACb,mBAAmB,EAAE,CAAC;SACvB,CAAC;QAEF,KAAK,MAAM,MAAM,IAAI,OAAO,EAAE,CAAC;YAC7B,IAAI,CAAC,MAAM,CAAC,OAAO,IAAI,CAAC,MAAM,CAAC,UAAU,CAAC,MAAM,EAAE,CAAC;gBACjD,qDAAqD;gBACrD,MAAM,MAAM,GAAG,MAAM,CAAC,UAAU,CAAC,MAAM,CAAC,IAAI,CAAC,GAAG,CAAC,CAAC,WAAW,EAAE,CAAC;gBAEhE,IAAI,MAAM,CAAC,QAAQ,CAAC,QAAQ,CAAC,IAAI,MAAM,CAAC,QAAQ,CAAC,OAAO,CAAC,EAAE,CAAC;oBAC1D,KAAK,CAAC,oBAAoB,EAAE,CAAC;gBAC/B,CAAC;qBAAM,IAAI,MAAM,CAAC,QAAQ,CAAC,SAAS,CAAC,IAAI,MAAM,CAAC,QAAQ,CAAC,MAAM,CAAC,EAAE,CAAC;oBACjE,KAAK,CAAC,gBAAgB,EAAE,CAAC;gBAC3B,CAAC;qBAAM,IAAI,MAAM,CAAC,QAAQ,CAAC,WAAW,CAAC,EAAE,CAAC;oBACxC,KAAK,CAAC,kBAAkB,EAAE,CAAC;gBAC7B,CAAC;qBAAM,IAAI,MAAM,CAAC,QAAQ,CAAC,KAAK,CAAC,EAAE,CAAC;oBAClC,KAAK,CAAC,UAAU,EAAE,CAAC;gBACrB,CAAC;qBAAM,IAAI,MAAM,CAAC,QAAQ,CAAC,WAAW,CAAC,IAAI,MAAM,CAAC,QAAQ,CAAC,aAAa,CAAC,EAAE,CAAC;oBAC1E,KAAK,CAAC,mBAAmB,EAAE,CAAC;gBAC9B,CAAC;qBAAM,CAAC;oBACN,0DAA0D;oBAC1D,KAAK,CAAC,oBAAoB,EAAE,CAAC;gBAC/B,CAAC;YACH,CAAC;QACH,CAAC;QAED,OAAO,KAAK,CAAC;IACf,CAAC;IAED;;OAEG;IACK,KAAK,CAAC,cAAc,CAAC,OAAwB;QACnD,IAAI,CAAC;YACH,MAAM,UAAU,GAAG,IAAA,WAAI,EAAC,SAAS,EAAE,2CAA2C,CAAC,CAAC;YAChF,MAAM,UAAU,GAAG,MAAM,aAAE,CAAC,QAAQ,CAAC,UAAU,EAAE,MAAM,CAAC,CAAC;YACzD,MAAM,MAAM,GAAG,IAAI,CAAC,KAAK,CAAC,UAAU,CAAC,CAAC;YAEtC,MAAM,GAAG,GAAG,IAAI,aAAG,EAAE,CAAC;YACtB,MAAM,QAAQ,GAAG,GAAG,CAAC,OAAO,CAAC,MAAM,CAAC,CAAC;YACrC,MAAM,KAAK,GAAG,QAAQ,CAAC,OAAO,CAAC,CAAC;YAEhC,IAAI,CAAC,KAAK,EAAE,CAAC;gBACX,MAAM,MAAM,GAAG,QAAQ,CAAC,MAAM,EAAE,GAAG,CAAC,GAAG,CAAC,EAAE,CACxC,GAAG,GAAG,CAAC,YAAY,KAAK,GAAG,CAAC,OAAO,EAAE,CACtC,CAAC,IAAI,CAAC,IAAI,CAAC,IAAI,0BAA0B,CAAC;gBAE3C,MAAM,IAAI,KAAK,CAAC,6BAA6B,MAAM,EAAE,CAAC,CAAC;YACzD,CAAC;YAED,YAAG,CAAC,IAAI,CAAC,2CAA2C,CAAC,CAAC;QACxD,CAAC;QAAC,OAAO,KAAK,EAAE,CAAC;YACf,YAAG,CAAC,KAAK,CAAC,0BAA0B,EAAE,EAAE,KAAK,EAAE,CAAC,CAAC;YACjD,MAAM,KAAK,CAAC;QACd,CAAC;IACH,CAAC;CACF;AA1YD,wCA0YC;AAED;;GAEG;AACI,KAAK,UAAU,WAAW,CAC/B,cAAsB,yBAAyB,EAC/C,aAAqB,yBAAyB;IAE9C,IAAI,CAAC;QACH,8BAA8B;QAC9B,MAAM,kBAAkB,GAAG,MAAM,aAAE,CAAC,QAAQ,CAAC,mCAAmC,EAAE,MAAM,CAAC,CAAC;QAC1F,MAAM,cAAc,GAAG,IAAA,gCAAkB,EAAC,IAAI,CAAC,KAAK,CAAC,kBAAkB,CAAC,CAAC,CAAC;QAE1E,MAAM,MAAM,GAAmB;YAC7B,WAAW;YACX,cAAc;YACd,UAAU;YACV,OAAO,EAAE,IAAI;YACb,QAAQ,EAAE,KAAK;SAChB,CAAC;QAEF,MAAM,MAAM,GAAG,IAAI,cAAc,CAAC,MAAM,CAAC,CAAC;QAC1C,MAAM,OAAO,GAAG,MAAM,MAAM,CAAC,GAAG,EAAE,CAAC;QAEnC,OAAO,CAAC,GAAG,CAAC,4BAA4B,CAAC,CAAC;QAC1C,OAAO,CAAC,GAAG,CAAC,gBAAgB,OAAO,CAAC,UAAU,EAAE,CAAC,CAAC;QAClD,OAAO,CAAC,GAAG,CAAC,mBAAmB,OAAO,CAAC,aAAa,EAAE,CAAC,CAAC;QACxD,OAAO,CAAC,GAAG,CAAC,iBAAiB,CAAC,OAAO,CAAC,WAAW,GAAG,GAAG,CAAC,CAAC,OAAO,CAAC,CAAC,CAAC,GAAG,CAAC,CAAC;QACxE,OAAO,CAAC,GAAG,CAAC,mBAAmB,OAAO,CAAC,eAAe,CAAC,OAAO,CAAC,CAAC,CAAC,EAAE,CAAC,CAAC;QACrE,OAAO,CAAC,GAAG,CAAC,kBAAkB,OAAO,CAAC,cAAc,CAAC,OAAO,CAAC,CAAC,CAAC,EAAE,CAAC,CAAC;QACnE,OAAO,CAAC,GAAG,CAAC,kBAAkB,OAAO,CAAC,OAAO,CAAC,cAAc,EAAE,CAAC,CAAC;QAChE,OAAO,CAAC,GAAG,CAAC,oBAAoB,OAAO,CAAC,OAAO,CAAC,gBAAgB,EAAE,CAAC,CAAC;QACpE,OAAO,CAAC,GAAG,CAAC,2BAA2B,OAAO,CAAC,OAAO,CAAC,sBAAsB,CAAC,OAAO,CAAC,CAAC,CAAC,IAAI,CAAC,CAAC;QAC9F,OAAO,CAAC,GAAG,CAAC,yBAAyB,CAAC,CAAC;QACvC,OAAO,CAAC,GAAG,CAAC,2BAA2B,OAAO,CAAC,cAAc,CAAC,oBAAoB,EAAE,CAAC,CAAC;QACtF,OAAO,CAAC,GAAG,CAAC,yBAAyB,OAAO,CAAC,cAAc,CAAC,gBAAgB,EAAE,CAAC,CAAC;QAChF,OAAO,CAAC,GAAG,CAAC,yBAAyB,OAAO,CAAC,cAAc,CAAC,kBAAkB,EAAE,CAAC,CAAC;QAClF,OAAO,CAAC,GAAG,CAAC,iBAAiB,OAAO,CAAC,cAAc,CAAC,UAAU,EAAE,CAAC,CAAC;QAClE,OAAO,CAAC,GAAG,CAAC,2BAA2B,OAAO,CAAC,cAAc,CAAC,mBAAmB,EAAE,CAAC,CAAC;QACrF,OAAO,CAAC,GAAG,CAAC,4BAA4B,CAAC,CAAC;IAE5C,CAAC;IAAC,OAAO,KAAK,EAAE,CAAC;QACf,YAAG,CAAC,KAAK,CAAC,iBAAiB,EAAE,EAAE,KAAK,EAAE,CAAC,CAAC;QACxC,OAAO,CAAC,IAAI,CAAC,CAAC,CAAC,CAAC;IAClB,CAAC;AACH,CAAC;AAzCD,kCAyCC;AAED,yBAAyB;AACzB,IAAI,OAAO,CAAC,IAAI,KAAK,MAAM,EAAE,CAAC;IAC5B,WAAW,EAAE,CAAC,KAAK,CAAC,OAAO,CAAC,KAAK,CAAC,CAAC;AACrC,CAAC","sourcesContent":["import Decimal from 'decimal.js';\nimport { PoolState, fromFixture } from '../sim/pool_state';\nimport { simulateJitAttempt, JitPlan, SwapEvent, PriceFeed, StrategyConfig } from '../sim/execution_sim';\nimport { planJit, loadStrategyConfig, StrategyConfig as PlannerConfig } from '../strategy/jit_planner';\nimport { log } from '../modules/logger';\nimport { metrics } from '../modules/metrics';\nimport { promises as fs } from 'fs';\nimport { join } from 'path';\nimport Ajv from 'ajv';\n\n// Configure decimal.js for high precision\nDecimal.config({\n  precision: 50,\n  rounding: Decimal.ROUND_DOWN,\n});\n\n/**\n * Backtest fixture\n */\nexport interface BacktestFixture {\n  /** Fixture name */\n  name: string;\n  /** Pool state snapshot */\n  pool: Record<string, unknown>;\n  /** Swap to simulate */\n  swap: SwapEvent;\n  /** Price feed data */\n  priceFeed: PriceFeed;\n  /** Expected outcome (for validation) */\n  expected?: {\n    shouldExecute: boolean;\n    minProfitUsd?: string;\n    maxProfitUsd?: string;\n  };\n}\n\n/**\n * Backtest result for a single fixture\n */\nexport interface BacktestResult {\n  /** Fixture name */\n  fixtureName: string;\n  /** Whether JIT was planned */\n  planned: boolean;\n  /** JIT plan (if planned) */\n  plan: JitPlan | null;\n  /** Whether simulation was executed */\n  simulated: boolean;\n  /** Simulation result (if executed) */\n  simulationResult: any;\n  /** Actual profit USD */\n  actualProfitUsd: string;\n  /** Expected vs actual comparison */\n  validation: {\n    passed: boolean;\n    errors: string[];\n  };\n  /** Execution time in ms */\n  executionTimeMs: number;\n}\n\n/**\n * Complete backtest results\n */\nexport interface BacktestResults {\n  /** Individual fixture results */\n  results: BacktestResult[];\n  /** Success rate as decimal (0.0 to 1.0) */\n  successRate: number;\n  /** Median profit in USD */\n  medianProfitUsd: number;\n  /** Worst (most negative) profit in USD */\n  worstProfitUsd: number;\n  /** Total number of JIT plans generated */\n  totalPlans: number;\n  /** Number of plans that were accepted for execution */\n  acceptedPlans: number;\n  /** Statistics on why plans were rejected */\n  rejectionStats: {\n    profitBelowThreshold: number;\n    minSwapUsdNotMet: number;\n    liquidityNotViable: number;\n    gasTooHigh: number;\n    inclusionProbTooLow: number;\n  };\n  /** Summary statistics (legacy compatibility) */\n  summary: {\n    totalFixtures: number;\n    successfulPlans: number;\n    profitableExecutions: number;\n    totalProfitUsd: string;\n    averageProfitUsd: string;\n    successRate: number;\n    averageExecutionTimeMs: number;\n  };\n  /** Performance distribution (legacy compatibility) */\n  distribution: {\n    profitBuckets: Record<string, number>;\n    executionTimeBuckets: Record<string, number>;\n  };\n  /** Timestamp */\n  timestamp: number;\n}\n\n/**\n * Backtest runner configuration\n */\nexport interface BacktestConfig {\n  /** Fixtures directory */\n  fixturesDir: string;\n  /** Strategy configuration */\n  strategyConfig: PlannerConfig;\n  /** Output file path */\n  outputFile: string;\n  /** Enable detailed logging */\n  verbose: boolean;\n  /** Parallel execution */\n  parallel: boolean;\n}\n\n/**\n * Main backtest runner\n */\nexport class BacktestRunner {\n  private config: BacktestConfig;\n\n  constructor(config: BacktestConfig) {\n    this.config = config;\n  }\n\n  /**\n   * Run backtest on all fixtures\n   */\n  async run(): Promise<BacktestResults> {\n    log.info('Starting backtest run', {\n      fixturesDir: this.config.fixturesDir,\n      outputFile: this.config.outputFile,\n    });\n\n    // Load fixtures\n    const fixtures = await this.loadFixtures();\n    log.info(`Loaded ${fixtures.length} fixtures`);\n\n    // Run tests\n    const results: BacktestResult[] = [];\n    \n    for (const fixture of fixtures) {\n      const startTime = Date.now();\n      \n      try {\n        const result = await this.runSingleFixture(fixture);\n        result.executionTimeMs = Date.now() - startTime;\n        results.push(result);\n\n        if (this.config.verbose) {\n          log.info('Fixture completed', {\n            name: fixture.name,\n            planned: result.planned,\n            profitable: Number(result.actualProfitUsd) > 0,\n            executionTime: result.executionTimeMs,\n          });\n        }\n      } catch (error) {\n        log.error('Fixture failed', { name: fixture.name, error });\n        results.push({\n          fixtureName: fixture.name,\n          planned: false,\n          plan: null,\n          simulated: false,\n          simulationResult: null,\n          actualProfitUsd: '0',\n          validation: {\n            passed: false,\n            errors: [error instanceof Error ? error.message : 'Unknown error'],\n          },\n          executionTimeMs: Date.now() - startTime,\n        });\n      }\n    }\n\n    // Calculate summary statistics\n    const summary = this.calculateSummary(results);\n    const distribution = this.calculateDistribution(results);\n\n    // Calculate new required fields\n    const successRate = summary.successRate;\n    const profitValues = results.map(r => parseFloat(r.actualProfitUsd)).sort((a, b) => a - b);\n    const medianProfitUsd = profitValues.length > 0 \n      ? profitValues[Math.floor(profitValues.length / 2)] \n      : 0;\n    const worstProfitUsd = profitValues.length > 0 ? Math.min(...profitValues) : 0;\n    const totalPlans = results.length; // Total fixtures attempted\n    const acceptedPlans = results.filter(r => r.planned).length;\n    \n    // Calculate rejection statistics (simplified for now)\n    const rejectionStats = this.calculateRejectionStats(results);\n\n    const backtestResults: BacktestResults = {\n      results,\n      successRate,\n      medianProfitUsd,\n      worstProfitUsd,\n      totalPlans,\n      acceptedPlans,\n      rejectionStats,\n      summary,\n      distribution,\n      timestamp: Date.now(),\n    };\n\n    // Save results\n    await this.saveResults(backtestResults);\n\n    log.info('Backtest completed', {\n      totalFixtures: summary.totalFixtures,\n      successRate: summary.successRate,\n      totalProfit: summary.totalProfitUsd,\n    });\n\n    return backtestResults;\n  }\n\n  /**\n   * Load all fixtures from directory\n   */\n  private async loadFixtures(): Promise<BacktestFixture[]> {\n    const fixtures: BacktestFixture[] = [];\n    \n    try {\n      const files = await fs.readdir(this.config.fixturesDir);\n      const jsonFiles = files.filter(f => f.endsWith('.json'));\n      \n      for (const file of jsonFiles) {\n        const filePath = join(this.config.fixturesDir, file);\n        const content = await fs.readFile(filePath, 'utf8');\n        const fixture = JSON.parse(content) as BacktestFixture;\n        fixtures.push(fixture);\n      }\n    } catch (error) {\n      log.error('Failed to load fixtures', { error });\n      throw error;\n    }\n\n    return fixtures.sort((a, b) => a.name.localeCompare(b.name));\n  }\n\n  /**\n   * Run a single fixture test\n   */\n  private async runSingleFixture(fixture: BacktestFixture): Promise<BacktestResult> {\n    const poolState = fromFixture(fixture.pool);\n    \n    // Plan JIT strategy\n    const swapEstimate = {\n      swapSizeUsd: fixture.swap.swapSizeUsd,\n      amountIn: fixture.swap.amountIn,\n      tokenIn: fixture.swap.tokenIn,\n      gasPriceGwei: 50, // Default gas price\n      priorityFeeGwei: 2, // Default priority fee\n      blockDeadline: 3, // 3 blocks\n    };\n\n    const plan = planJit(\n      poolState,\n      swapEstimate,\n      fixture.priceFeed,\n      this.config.strategyConfig\n    );\n\n    const result: BacktestResult = {\n      fixtureName: fixture.name,\n      planned: plan !== null,\n      plan,\n      simulated: false,\n      simulationResult: null,\n      actualProfitUsd: '0',\n      validation: { passed: true, errors: [] },\n      executionTimeMs: 0,\n    };\n\n    // If plan exists, simulate execution\n    if (plan) {\n      const simConfig: StrategyConfig = {\n        minNetProfitUsd: this.config.strategyConfig.minNetProfitUsd,\n        gasEstimateUsd: this.config.strategyConfig.gasEstimateUsd,\n        flashloanFeeBps: this.config.strategyConfig.flashloanFeeBps,\n        maxSlippageBps: this.config.strategyConfig.maxSlippageBps,\n      };\n\n      const simulationResult = simulateJitAttempt(\n        poolState,\n        plan,\n        fixture.swap,\n        fixture.priceFeed,\n        simConfig\n      );\n\n      result.simulated = true;\n      result.simulationResult = simulationResult;\n      result.actualProfitUsd = simulationResult.netProfitUsd;\n    }\n\n    // Validate against expected outcome\n    if (fixture.expected) {\n      result.validation = this.validateResult(result, fixture.expected);\n    }\n\n    return result;\n  }\n\n  /**\n   * Validate result against expected outcome\n   */\n  private validateResult(\n    result: BacktestResult,\n    expected: NonNullable<BacktestFixture['expected']>\n  ): { passed: boolean; errors: string[] } {\n    const errors: string[] = [];\n\n    // Check if execution matches expectation\n    if (result.planned !== expected.shouldExecute) {\n      errors.push(\n        `Expected shouldExecute=${expected.shouldExecute}, got planned=${result.planned}`\n      );\n    }\n\n    // Check profit range if specified\n    if (expected.minProfitUsd && result.actualProfitUsd) {\n      const actualProfit = new Decimal(result.actualProfitUsd);\n      const minProfit = new Decimal(expected.minProfitUsd);\n      \n      if (actualProfit.lt(minProfit)) {\n        errors.push(\n          `Profit ${result.actualProfitUsd} below minimum ${expected.minProfitUsd}`\n        );\n      }\n    }\n\n    if (expected.maxProfitUsd && result.actualProfitUsd) {\n      const actualProfit = new Decimal(result.actualProfitUsd);\n      const maxProfit = new Decimal(expected.maxProfitUsd);\n      \n      if (actualProfit.gt(maxProfit)) {\n        errors.push(\n          `Profit ${result.actualProfitUsd} above maximum ${expected.maxProfitUsd}`\n        );\n      }\n    }\n\n    return {\n      passed: errors.length === 0,\n      errors,\n    };\n  }\n\n  /**\n   * Calculate summary statistics\n   */\n  private calculateSummary(results: BacktestResult[]): BacktestResults['summary'] {\n    const totalFixtures = results.length;\n    const successfulPlans = results.filter(r => r.planned).length;\n    const profitableExecutions = results.filter(r => Number(r.actualProfitUsd) > 0).length;\n    \n    const totalProfit = results.reduce(\n      (sum, r) => sum.add(new Decimal(r.actualProfitUsd || '0')),\n      new Decimal(0)\n    );\n    \n    const averageProfit = totalFixtures > 0 ? totalProfit.div(totalFixtures) : new Decimal(0);\n    const successRate = totalFixtures > 0 ? profitableExecutions / totalFixtures : 0;\n    \n    const averageExecutionTime = totalFixtures > 0\n      ? results.reduce((sum, r) => sum + r.executionTimeMs, 0) / totalFixtures\n      : 0;\n\n    return {\n      totalFixtures,\n      successfulPlans,\n      profitableExecutions,\n      totalProfitUsd: totalProfit.toString(),\n      averageProfitUsd: averageProfit.toString(),\n      successRate,\n      averageExecutionTimeMs: averageExecutionTime,\n    };\n  }\n\n  /**\n   * Calculate distribution statistics\n   */\n  private calculateDistribution(results: BacktestResult[]): BacktestResults['distribution'] {\n    const profitBuckets: Record<string, number> = {\n      '0-10': 0,\n      '10-25': 0,\n      '25-50': 0,\n      '50-100': 0,\n      '100-250': 0,\n      '250+': 0,\n    };\n\n    const executionTimeBuckets: Record<string, number> = {\n      '0-100ms': 0,\n      '100-500ms': 0,\n      '500-1000ms': 0,\n      '1000-5000ms': 0,\n      '5000ms+': 0,\n    };\n\n    for (const result of results) {\n      // Profit distribution\n      const profit = Number(result.actualProfitUsd);\n      if (profit <= 10) profitBuckets['0-10']++;\n      else if (profit <= 25) profitBuckets['10-25']++;\n      else if (profit <= 50) profitBuckets['25-50']++;\n      else if (profit <= 100) profitBuckets['50-100']++;\n      else if (profit <= 250) profitBuckets['100-250']++;\n      else profitBuckets['250+']++;\n\n      // Execution time distribution\n      const time = result.executionTimeMs;\n      if (time <= 100) executionTimeBuckets['0-100ms']++;\n      else if (time <= 500) executionTimeBuckets['100-500ms']++;\n      else if (time <= 1000) executionTimeBuckets['500-1000ms']++;\n      else if (time <= 5000) executionTimeBuckets['1000-5000ms']++;\n      else executionTimeBuckets['5000ms+']++;\n    }\n\n    return {\n      profitBuckets,\n      executionTimeBuckets,\n    };\n  }\n\n  /**\n   * Save results to file\n   */\n  private async saveResults(results: BacktestResults): Promise<void> {\n    // Validate against schema\n    await this.validateSchema(results);\n\n    await fs.writeFile(\n      this.config.outputFile,\n      JSON.stringify(results, null, 2)\n    );\n    \n    log.info('Backtest results saved', { file: this.config.outputFile });\n  }\n\n  /**\n   * Calculate rejection statistics based on validation errors\n   */\n  private calculateRejectionStats(results: BacktestResult[]): {\n    profitBelowThreshold: number;\n    minSwapUsdNotMet: number;\n    liquidityNotViable: number;\n    gasTooHigh: number;\n    inclusionProbTooLow: number;\n  } {\n    const stats = {\n      profitBelowThreshold: 0,\n      minSwapUsdNotMet: 0,\n      liquidityNotViable: 0,\n      gasTooHigh: 0,\n      inclusionProbTooLow: 0,\n    };\n\n    for (const result of results) {\n      if (!result.planned || !result.validation.passed) {\n        // Analyze validation errors to categorize rejections\n        const errors = result.validation.errors.join(' ').toLowerCase();\n        \n        if (errors.includes('profit') && errors.includes('below')) {\n          stats.profitBelowThreshold++;\n        } else if (errors.includes('minimum') || errors.includes('swap')) {\n          stats.minSwapUsdNotMet++;\n        } else if (errors.includes('liquidity')) {\n          stats.liquidityNotViable++;\n        } else if (errors.includes('gas')) {\n          stats.gasTooHigh++;\n        } else if (errors.includes('inclusion') || errors.includes('probability')) {\n          stats.inclusionProbTooLow++;\n        } else {\n          // Default to profit threshold for unclassified rejections\n          stats.profitBelowThreshold++;\n        }\n      }\n    }\n\n    return stats;\n  }\n\n  /**\n   * Validate results against JSON schema\n   */\n  private async validateSchema(results: BacktestResults): Promise<void> {\n    try {\n      const schemaPath = join(__dirname, '../../schema/backtest_results.schema.json');\n      const schemaData = await fs.readFile(schemaPath, 'utf8');\n      const schema = JSON.parse(schemaData);\n\n      const ajv = new Ajv();\n      const validate = ajv.compile(schema);\n      const valid = validate(results);\n\n      if (!valid) {\n        const errors = validate.errors?.map(err => \n          `${err.instancePath}: ${err.message}`\n        ).join(', ') || 'Unknown validation error';\n        \n        throw new Error(`Schema validation failed: ${errors}`);\n      }\n\n      log.info('Backtest results validated against schema');\n    } catch (error) {\n      log.error('Schema validation failed', { error });\n      throw error;\n    }\n  }\n}\n\n/**\n * CLI entry point for backtest runner\n */\nexport async function runBacktest(\n  fixturesDir: string = './src/backtest/fixtures',\n  outputFile: string = './backtest_results.json'\n): Promise<void> {\n  try {\n    // Load strategy configuration\n    const strategyConfigData = await fs.readFile('./src/config/strategy-config.json', 'utf8');\n    const strategyConfig = loadStrategyConfig(JSON.parse(strategyConfigData));\n\n    const config: BacktestConfig = {\n      fixturesDir,\n      strategyConfig,\n      outputFile,\n      verbose: true,\n      parallel: false,\n    };\n\n    const runner = new BacktestRunner(config);\n    const results = await runner.run();\n\n    console.log('\\n=== BACKTEST RESULTS ===');\n    console.log(`Total Plans: ${results.totalPlans}`);\n    console.log(`Accepted Plans: ${results.acceptedPlans}`);\n    console.log(`Success Rate: ${(results.successRate * 100).toFixed(2)}%`);\n    console.log(`Median Profit: $${results.medianProfitUsd.toFixed(2)}`);\n    console.log(`Worst Profit: $${results.worstProfitUsd.toFixed(2)}`);\n    console.log(`Total Profit: $${results.summary.totalProfitUsd}`);\n    console.log(`Average Profit: $${results.summary.averageProfitUsd}`);\n    console.log(`Average Execution Time: ${results.summary.averageExecutionTimeMs.toFixed(2)}ms`);\n    console.log('--- Rejection Stats ---');\n    console.log(`Profit Below Threshold: ${results.rejectionStats.profitBelowThreshold}`);\n    console.log(`Min Swap USD Not Met: ${results.rejectionStats.minSwapUsdNotMet}`);\n    console.log(`Liquidity Not Viable: ${results.rejectionStats.liquidityNotViable}`);\n    console.log(`Gas Too High: ${results.rejectionStats.gasTooHigh}`);\n    console.log(`Inclusion Prob Too Low: ${results.rejectionStats.inclusionProbTooLow}`);\n    console.log('========================\\n');\n\n  } catch (error) {\n    log.error('Backtest failed', { error });\n    process.exit(1);\n  }\n}\n\n// Run if called directly\nif (require.main === module) {\n  runBacktest().catch(console.error);\n}"]},"_coverageSchema":"1a1c01bbd47fc00a2c39e90264f33305004495a9","hash":"5ab3cfc61561a68927cbafcd8cb3916808899c09"},"/home/runner/work/jit/jit/src/sim/pool_state.ts":{"path":"/home/runner/work/jit/jit/src/sim/pool_state.ts","statementMap":{"0":{"start":{"line":2,"column":22},"end":{"line":4,"column":1}},"1":{"start":{"line":3,"column":4},"end":{"line":3,"column":62}},"2":{"start":{"line":5,"column":0},"end":{"line":5,"column":62}},"3":{"start":{"line":6,"column":0},"end":{"line":6,"column":230}},"4":{"start":{"line":7,"column":21},"end":{"line":7,"column":59}},"5":{"start":{"line":9,"column":0},"end":{"line":12,"column":3}},"6":{"start":{"line":17,"column":4},"end":{"line":24,"column":6}},"7":{"start":{"line":26,"column":0},"end":{"line":26,"column":54}},"8":{"start":{"line":31,"column":4},"end":{"line":49,"column":6}},"9":{"start":{"line":51,"column":0},"end":{"line":51,"column":42}},"10":{"start":{"line":56,"column":4},"end":{"line":69,"column":6}},"11":{"start":{"line":64,"column":79},"end":{"line":67,"column":9}},"12":{"start":{"line":71,"column":0},"end":{"line":71,"column":40}},"13":{"start":{"line":76,"column":4},"end":{"line":76,"column":60}},"14":{"start":{"line":78,"column":0},"end":{"line":78,"column":34}},"15":{"start":{"line":83,"column":4},"end":{"line":83,"column":32}},"16":{"start":{"line":85,"column":0},"end":{"line":85,"column":34}},"17":{"start":{"line":90,"column":4},"end":{"line":90,"column":57}},"18":{"start":{"line":92,"column":0},"end":{"line":92,"column":42}},"19":{"start":{"line":97,"column":4},"end":{"line":110,"column":6}},"20":{"start":{"line":105,"column":72},"end":{"line":108,"column":9}},"21":{"start":{"line":112,"column":0},"end":{"line":112,"column":30}},"22":{"start":{"line":117,"column":23},"end":{"line":117,"column":42}},"23":{"start":{"line":118,"column":18},"end":{"line":118,"column":27}},"24":{"start":{"line":119,"column":4},"end":{"line":128,"column":5}},"25":{"start":{"line":120,"column":8},"end":{"line":127,"column":11}},"26":{"start":{"line":129,"column":4},"end":{"line":139,"column":6}},"27":{"start":{"line":141,"column":0},"end":{"line":141,"column":34}},"28":{"start":{"line":146,"column":4},"end":{"line":167,"column":5}},"29":{"start":{"line":148,"column":26},"end":{"line":148,"column":76}},"30":{"start":{"line":149,"column":8},"end":{"line":150,"column":25}},"31":{"start":{"line":150,"column":12},"end":{"line":150,"column":25}},"32":{"start":{"line":152,"column":26},"end":{"line":152,"column":67}},"33":{"start":{"line":153,"column":8},"end":{"line":154,"column":25}},"34":{"start":{"line":154,"column":12},"end":{"line":154,"column":25}},"35":{"start":{"line":156,"column":8},"end":{"line":162,"column":9}},"36":{"start":{"line":159,"column":30},"end":{"line":159,"column":83}},"37":{"start":{"line":160,"column":12},"end":{"line":161,"column":29}},"38":{"start":{"line":161,"column":16},"end":{"line":161,"column":29}},"39":{"start":{"line":163,"column":8},"end":{"line":163,"column":20}},"40":{"start":{"line":166,"column":8},"end":{"line":166,"column":21}},"41":{"start":{"line":169,"column":0},"end":{"line":169,"column":46}}},"fnMap":{"0":{"name":"(anonymous_0)","decl":{"start":{"line":2,"column":56},"end":{"line":2,"column":57}},"loc":{"start":{"line":2,"column":71},"end":{"line":4,"column":1}},"line":2},"1":{"name":"createDefaultTickInfo","decl":{"start":{"line":16,"column":9},"end":{"line":16,"column":30}},"loc":{"start":{"line":16,"column":33},"end":{"line":25,"column":1}},"line":16},"2":{"name":"createPoolState","decl":{"start":{"line":30,"column":9},"end":{"line":30,"column":24}},"loc":{"start":{"line":30,"column":91},"end":{"line":50,"column":1}},"line":30},"3":{"name":"clonePoolState","decl":{"start":{"line":55,"column":9},"end":{"line":55,"column":23}},"loc":{"start":{"line":55,"column":31},"end":{"line":70,"column":1}},"line":55},"4":{"name":"(anonymous_4)","decl":{"start":{"line":64,"column":61},"end":{"line":64,"column":62}},"loc":{"start":{"line":64,"column":79},"end":{"line":67,"column":9}},"line":64},"5":{"name":"getTickInfo","decl":{"start":{"line":75,"column":9},"end":{"line":75,"column":20}},"loc":{"start":{"line":75,"column":34},"end":{"line":77,"column":1}},"line":75},"6":{"name":"setTickInfo","decl":{"start":{"line":82,"column":9},"end":{"line":82,"column":20}},"loc":{"start":{"line":82,"column":40},"end":{"line":84,"column":1}},"line":82},"7":{"name":"updateTimestamp","decl":{"start":{"line":89,"column":9},"end":{"line":89,"column":24}},"loc":{"start":{"line":89,"column":32},"end":{"line":91,"column":1}},"line":89},"8":{"name":"toFixture","decl":{"start":{"line":96,"column":9},"end":{"line":96,"column":18}},"loc":{"start":{"line":96,"column":26},"end":{"line":111,"column":1}},"line":96},"9":{"name":"(anonymous_9)","decl":{"start":{"line":105,"column":53},"end":{"line":105,"column":54}},"loc":{"start":{"line":105,"column":72},"end":{"line":108,"column":9}},"line":105},"10":{"name":"fromFixture","decl":{"start":{"line":116,"column":9},"end":{"line":116,"column":20}},"loc":{"start":{"line":116,"column":30},"end":{"line":140,"column":1}},"line":116},"11":{"name":"validatePoolState","decl":{"start":{"line":145,"column":9},"end":{"line":145,"column":26}},"loc":{"start":{"line":145,"column":34},"end":{"line":168,"column":1}},"line":145}},"branchMap":{"0":{"loc":{"start":{"line":2,"column":22},"end":{"line":4,"column":1}},"type":"binary-expr","locations":[{"start":{"line":2,"column":23},"end":{"line":2,"column":27}},{"start":{"line":2,"column":31},"end":{"line":2,"column":51}},{"start":{"line":2,"column":56},"end":{"line":4,"column":1}}],"line":2},"1":{"loc":{"start":{"line":3,"column":11},"end":{"line":3,"column":61}},"type":"cond-expr","locations":[{"start":{"line":3,"column":37},"end":{"line":3,"column":40}},{"start":{"line":3,"column":43},"end":{"line":3,"column":61}}],"line":3},"2":{"loc":{"start":{"line":3,"column":12},"end":{"line":3,"column":33}},"type":"binary-expr","locations":[{"start":{"line":3,"column":12},"end":{"line":3,"column":15}},{"start":{"line":3,"column":19},"end":{"line":3,"column":33}}],"line":3},"3":{"loc":{"start":{"line":30,"column":67},"end":{"line":30,"column":89}},"type":"default-arg","locations":[{"start":{"line":30,"column":86},"end":{"line":30,"column":89}}],"line":30},"4":{"loc":{"start":{"line":76,"column":11},"end":{"line":76,"column":59}},"type":"binary-expr","locations":[{"start":{"line":76,"column":11},"end":{"line":76,"column":32}},{"start":{"line":76,"column":36},"end":{"line":76,"column":59}}],"line":76},"5":{"loc":{"start":{"line":117,"column":23},"end":{"line":117,"column":42}},"type":"binary-expr","locations":[{"start":{"line":117,"column":23},"end":{"line":117,"column":36}},{"start":{"line":117,"column":40},"end":{"line":117,"column":42}}],"line":117},"6":{"loc":{"start":{"line":149,"column":8},"end":{"line":150,"column":25}},"type":"if","locations":[{"start":{"line":149,"column":8},"end":{"line":150,"column":25}},{"start":{},"end":{}}],"line":149},"7":{"loc":{"start":{"line":153,"column":8},"end":{"line":154,"column":25}},"type":"if","locations":[{"start":{"line":153,"column":8},"end":{"line":154,"column":25}},{"start":{},"end":{}}],"line":153},"8":{"loc":{"start":{"line":156,"column":8},"end":{"line":162,"column":9}},"type":"if","locations":[{"start":{"line":156,"column":8},"end":{"line":162,"column":9}},{"start":{},"end":{}}],"line":156},"9":{"loc":{"start":{"line":160,"column":12},"end":{"line":161,"column":29}},"type":"if","locations":[{"start":{"line":160,"column":12},"end":{"line":161,"column":29}},{"start":{},"end":{}}],"line":160}},"s":{"0":1,"1":1,"2":1,"3":1,"4":1,"5":1,"6":88722,"7":1,"8":9,"9":1,"10":0,"11":0,"12":1,"13":88722,"14":1,"15":0,"16":1,"17":6,"18":1,"19":0,"20":0,"21":1,"22":1,"23":1,"24":1,"25":0,"26":1,"27":1,"28":0,"29":0,"30":0,"31":0,"32":0,"33":0,"34":0,"35":0,"36":0,"37":0,"38":0,"39":0,"40":0,"41":1},"f":{"0":1,"1":88722,"2":9,"3":0,"4":0,"5":88722,"6":0,"7":6,"8":0,"9":0,"10":1,"11":0},"b":{"0":[1,1,1],"1":[0,1],"2":[1,1],"3":[0],"4":[88722,88722],"5":[1,0],"6":[0,0],"7":[0,0],"8":[0,0],"9":[0,0]},"inputSourceMap":{"version":3,"file":"/home/runner/work/jit/jit/src/sim/pool_state.ts","sources":["/home/runner/work/jit/jit/src/sim/pool_state.ts"],"names":[],"mappings":";;;;;;AAAA,4DAAiC;AAEjC,0CAA0C;AAC1C,oBAAO,CAAC,MAAM,CAAC;IACb,SAAS,EAAE,EAAE;IACb,QAAQ,EAAE,oBAAO,CAAC,UAAU;CAC7B,CAAC,CAAC;AAyGH;;GAEG;AACH,SAAgB,qBAAqB;IACnC,OAAO;QACL,YAAY,EAAE,GAAG;QACjB,cAAc,EAAE,GAAG;QACnB,qBAAqB,EAAE,GAAG;QAC1B,qBAAqB,EAAE,GAAG;QAC1B,cAAc,EAAE,CAAC;QACjB,WAAW,EAAE,KAAK;KACnB,CAAC;AACJ,CAAC;AATD,sDASC;AAED;;GAEG;AACH,SAAgB,eAAe,CAC7B,MAAkB,EAClB,mBAA2B,EAC3B,WAAmB,EACnB,mBAA2B,GAAG;IAE9B,OAAO;QACL,MAAM;QACN,KAAK,EAAE;YACL,YAAY,EAAE,mBAAmB;YACjC,IAAI,EAAE,WAAW;YACjB,gBAAgB,EAAE,CAAC;YACnB,sBAAsB,EAAE,CAAC;YACzB,0BAA0B,EAAE,CAAC;YAC7B,WAAW,EAAE,CAAC;YACd,QAAQ,EAAE,IAAI;SACf;QACD,SAAS,EAAE,gBAAgB;QAC3B,oBAAoB,EAAE,GAAG;QACzB,oBAAoB,EAAE,GAAG;QACzB,aAAa,EAAE,GAAG;QAClB,aAAa,EAAE,GAAG;QAClB,KAAK,EAAE,IAAI,GAAG,EAAE;QAChB,cAAc,EAAE,IAAI,CAAC,KAAK,CAAC,IAAI,CAAC,GAAG,EAAE,GAAG,IAAI,CAAC;KAC9C,CAAC;AACJ,CAAC;AAzBD,0CAyBC;AAED;;GAEG;AACH,SAAgB,cAAc,CAAC,KAAgB;IAC7C,OAAO;QACL,MAAM,EAAE,EAAE,GAAG,KAAK,CAAC,MAAM,EAAE;QAC3B,KAAK,EAAE,EAAE,GAAG,KAAK,CAAC,KAAK,EAAE;QACzB,SAAS,EAAE,KAAK,CAAC,SAAS;QAC1B,oBAAoB,EAAE,KAAK,CAAC,oBAAoB;QAChD,oBAAoB,EAAE,KAAK,CAAC,oBAAoB;QAChD,aAAa,EAAE,KAAK,CAAC,aAAa;QAClC,aAAa,EAAE,KAAK,CAAC,aAAa;QAClC,KAAK,EAAE,IAAI,GAAG,CACZ,KAAK,CAAC,IAAI,CAAC,KAAK,CAAC,KAAK,CAAC,OAAO,EAAE,CAAC,CAAC,GAAG,CAAC,CAAC,CAAC,IAAI,EAAE,IAAI,CAAC,EAAE,EAAE,CAAC;YACtD,IAAI;YACJ,EAAE,GAAG,IAAI,EAAE;SACZ,CAAC,CACH;QACD,cAAc,EAAE,KAAK,CAAC,cAAc;KACrC,CAAC;AACJ,CAAC;AAjBD,wCAiBC;AAED;;GAEG;AACH,SAAgB,WAAW,CAAC,KAAgB,EAAE,IAAY;IACxD,OAAO,KAAK,CAAC,KAAK,CAAC,GAAG,CAAC,IAAI,CAAC,IAAI,qBAAqB,EAAE,CAAC;AAC1D,CAAC;AAFD,kCAEC;AAED;;GAEG;AACH,SAAgB,WAAW,CACzB,KAAgB,EAChB,IAAY,EACZ,IAAc;IAEd,KAAK,CAAC,KAAK,CAAC,GAAG,CAAC,IAAI,EAAE,IAAI,CAAC,CAAC;AAC9B,CAAC;AAND,kCAMC;AAED;;GAEG;AACH,SAAgB,eAAe,CAAC,KAAgB;IAC9C,KAAK,CAAC,cAAc,GAAG,IAAI,CAAC,KAAK,CAAC,IAAI,CAAC,GAAG,EAAE,GAAG,IAAI,CAAC,CAAC;AACvD,CAAC;AAFD,0CAEC;AAED;;GAEG;AACH,SAAgB,SAAS,CAAC,KAAgB;IACxC,OAAO;QACL,MAAM,EAAE,KAAK,CAAC,MAAM;QACpB,KAAK,EAAE,KAAK,CAAC,KAAK;QAClB,SAAS,EAAE,KAAK,CAAC,SAAS;QAC1B,oBAAoB,EAAE,KAAK,CAAC,oBAAoB;QAChD,oBAAoB,EAAE,KAAK,CAAC,oBAAoB;QAChD,aAAa,EAAE,KAAK,CAAC,aAAa;QAClC,aAAa,EAAE,KAAK,CAAC,aAAa;QAClC,KAAK,EAAE,KAAK,CAAC,IAAI,CAAC,KAAK,CAAC,KAAK,CAAC,OAAO,EAAE,CAAC,CAAC,GAAG,CAAC,CAAC,CAAC,IAAI,EAAE,IAAI,CAAC,EAAE,EAAE,CAAC,CAAC;YAC9D,IAAI;YACJ,GAAG,IAAI;SACR,CAAC,CAAC;QACH,cAAc,EAAE,KAAK,CAAC,cAAc;KACrC,CAAC;AACJ,CAAC;AAfD,8BAeC;AAED;;GAEG;AACH,SAAgB,WAAW,CAAC,OAAgC;IAC1D,MAAM,UAAU,GAAI,OAAO,CAAC,KAQzB,IAAI,EAAE,CAAC;IAEV,MAAM,KAAK,GAAG,IAAI,GAAG,EAAoB,CAAC;IAC1C,KAAK,MAAM,QAAQ,IAAI,UAAU,EAAE,CAAC;QAClC,KAAK,CAAC,GAAG,CAAC,QAAQ,CAAC,IAAI,EAAE;YACvB,YAAY,EAAE,QAAQ,CAAC,YAAY;YACnC,cAAc,EAAE,QAAQ,CAAC,cAAc;YACvC,qBAAqB,EAAE,QAAQ,CAAC,qBAAqB;YACrD,qBAAqB,EAAE,QAAQ,CAAC,qBAAqB;YACrD,cAAc,EAAE,QAAQ,CAAC,cAAc;YACvC,WAAW,EAAE,QAAQ,CAAC,WAAW;SAClC,CAAC,CAAC;IACL,CAAC;IAED,OAAO;QACL,MAAM,EAAE,OAAO,CAAC,MAAoB;QACpC,KAAK,EAAE,OAAO,CAAC,KAAc;QAC7B,SAAS,EAAE,OAAO,CAAC,SAAmB;QACtC,oBAAoB,EAAE,OAAO,CAAC,oBAA8B;QAC5D,oBAAoB,EAAE,OAAO,CAAC,oBAA8B;QAC5D,aAAa,EAAE,OAAO,CAAC,aAAuB;QAC9C,aAAa,EAAE,OAAO,CAAC,aAAuB;QAC9C,KAAK;QACL,cAAc,EAAE,OAAO,CAAC,cAAwB;KACjD,CAAC;AACJ,CAAC;AAlCD,kCAkCC;AAED;;GAEG;AACH,SAAgB,iBAAiB,CAAC,KAAgB;IAChD,IAAI,CAAC;QACH,oCAAoC;QACpC,MAAM,SAAS,GAAG,IAAI,oBAAO,CAAC,KAAK,CAAC,KAAK,CAAC,YAAY,CAAC,CAAC;QACxD,IAAI,SAAS,CAAC,GAAG,CAAC,CAAC,CAAC;YAAE,OAAO,KAAK,CAAC;QAEnC,uCAAuC;QACvC,MAAM,SAAS,GAAG,IAAI,oBAAO,CAAC,KAAK,CAAC,SAAS,CAAC,CAAC;QAC/C,IAAI,SAAS,CAAC,EAAE,CAAC,CAAC,CAAC;YAAE,OAAO,KAAK,CAAC;QAElC,+BAA+B;QAC/B,IAAI,KAAK,CAAC,KAAK,CAAC,IAAI,GAAG,KAAK,CAAC,MAAM,CAAC,WAAW,KAAK,CAAC,EAAE,CAAC;YACtD,yEAAyE;YACzE,oDAAoD;YACpD,MAAM,SAAS,GAAG,IAAI,CAAC,GAAG,CAAC,KAAK,CAAC,KAAK,CAAC,IAAI,GAAG,KAAK,CAAC,MAAM,CAAC,WAAW,CAAC,CAAC;YACxE,IAAI,SAAS,IAAI,KAAK,CAAC,MAAM,CAAC,WAAW;gBAAE,OAAO,KAAK,CAAC;QAC1D,CAAC;QAED,OAAO,IAAI,CAAC;IACd,CAAC;IAAC,OAAO,KAAK,EAAE,CAAC;QACf,OAAO,KAAK,CAAC;IACf,CAAC;AACH,CAAC;AAtBD,8CAsBC","sourcesContent":["import Decimal from 'decimal.js';\n\n// Configure decimal.js for high precision\nDecimal.config({\n  precision: 50,\n  rounding: Decimal.ROUND_DOWN,\n});\n\n/**\n * Represents the current state of a Uniswap V3 pool slot0\n */\nexport interface Slot0 {\n  /** Current sqrt price as Q64.96 */\n  sqrtPriceX96: string;\n  /** Current tick */\n  tick: number;\n  /** Most recent observation index */\n  observationIndex: number;\n  /** Current observation cardinality */\n  observationCardinality: number;\n  /** Current maximum observation cardinality */\n  observationCardinalityNext: number;\n  /** Current protocol fee */\n  feeProtocol: number;\n  /** Whether the pool is unlocked */\n  unlocked: boolean;\n}\n\n/**\n * Represents liquidity tracking for a specific tick\n */\nexport interface TickInfo {\n  /** Amount of net liquidity added when tick is crossed from left to right */\n  liquidityNet: string;\n  /** Total amount of liquidity that uses the pool either as tick lower or tick upper */\n  liquidityGross: string;\n  /** Fee growth on the other side of this tick (relative to the current tick) */\n  feeGrowthOutside0X128: string;\n  feeGrowthOutside1X128: string;\n  /** Seconds spent on the other side of this tick (relative to the current tick) */\n  secondsOutside: number;\n  /** Whether the tick is initialized */\n  initialized: boolean;\n}\n\n/**\n * Pool configuration\n */\nexport interface PoolConfig {\n  /** Pool address */\n  address: string;\n  /** Token0 address */\n  token0: string;\n  /** Token1 address */\n  token1: string;\n  /** Fee tier (e.g., 3000 for 0.3%) */\n  fee: number;\n  /** Tick spacing */\n  tickSpacing: number;\n  /** Token0 decimals */\n  decimals0: number;\n  /** Token1 decimals */\n  decimals1: number;\n}\n\n/**\n * Represents the complete state of a Uniswap V3 pool for simulation\n */\nexport interface PoolState {\n  /** Pool configuration */\n  config: PoolConfig;\n  /** Current slot0 state */\n  slot0: Slot0;\n  /** Current global liquidity */\n  liquidity: string;\n  /** Global fee growth for token0 */\n  feeGrowthGlobal0X128: string;\n  /** Global fee growth for token1 */\n  feeGrowthGlobal1X128: string;\n  /** Protocol fees owed in token0 */\n  protocolFees0: string;\n  /** Protocol fees owed in token1 */\n  protocolFees1: string;\n  /** Tick data - sparse mapping of tick -> TickInfo */\n  ticks: Map<number, TickInfo>;\n  /** Block timestamp of last update */\n  blockTimestamp: number;\n}\n\n/**\n * Position information for tracking\n */\nexport interface Position {\n  /** Position ID (computed from owner, tickLower, tickUpper) */\n  id: string;\n  /** Owner address */\n  owner: string;\n  /** Lower tick of the position */\n  tickLower: number;\n  /** Upper tick of the position */\n  tickUpper: number;\n  /** Amount of liquidity */\n  liquidity: string;\n  /** Fee growth inside when position was last updated */\n  feeGrowthInside0LastX128: string;\n  feeGrowthInside1LastX128: string;\n  /** Fees owed to the position */\n  tokensOwed0: string;\n  tokensOwed1: string;\n}\n\n/**\n * Creates a default tick info\n */\nexport function createDefaultTickInfo(): TickInfo {\n  return {\n    liquidityNet: '0',\n    liquidityGross: '0',\n    feeGrowthOutside0X128: '0',\n    feeGrowthOutside1X128: '0',\n    secondsOutside: 0,\n    initialized: false,\n  };\n}\n\n/**\n * Creates a new pool state from configuration and initial parameters\n */\nexport function createPoolState(\n  config: PoolConfig,\n  initialSqrtPriceX96: string,\n  initialTick: number,\n  initialLiquidity: string = '0'\n): PoolState {\n  return {\n    config,\n    slot0: {\n      sqrtPriceX96: initialSqrtPriceX96,\n      tick: initialTick,\n      observationIndex: 0,\n      observationCardinality: 1,\n      observationCardinalityNext: 1,\n      feeProtocol: 0,\n      unlocked: true,\n    },\n    liquidity: initialLiquidity,\n    feeGrowthGlobal0X128: '0',\n    feeGrowthGlobal1X128: '0',\n    protocolFees0: '0',\n    protocolFees1: '0',\n    ticks: new Map(),\n    blockTimestamp: Math.floor(Date.now() / 1000),\n  };\n}\n\n/**\n * Deep clones a pool state for simulation purposes\n */\nexport function clonePoolState(state: PoolState): PoolState {\n  return {\n    config: { ...state.config },\n    slot0: { ...state.slot0 },\n    liquidity: state.liquidity,\n    feeGrowthGlobal0X128: state.feeGrowthGlobal0X128,\n    feeGrowthGlobal1X128: state.feeGrowthGlobal1X128,\n    protocolFees0: state.protocolFees0,\n    protocolFees1: state.protocolFees1,\n    ticks: new Map(\n      Array.from(state.ticks.entries()).map(([tick, info]) => [\n        tick,\n        { ...info },\n      ])\n    ),\n    blockTimestamp: state.blockTimestamp,\n  };\n}\n\n/**\n * Gets tick info, returning default if not initialized\n */\nexport function getTickInfo(state: PoolState, tick: number): TickInfo {\n  return state.ticks.get(tick) || createDefaultTickInfo();\n}\n\n/**\n * Sets tick info in the pool state\n */\nexport function setTickInfo(\n  state: PoolState,\n  tick: number,\n  info: TickInfo\n): void {\n  state.ticks.set(tick, info);\n}\n\n/**\n * Updates the block timestamp\n */\nexport function updateTimestamp(state: PoolState): void {\n  state.blockTimestamp = Math.floor(Date.now() / 1000);\n}\n\n/**\n * Serializes pool state to JSON for fixture storage\n */\nexport function toFixture(state: PoolState): Record<string, unknown> {\n  return {\n    config: state.config,\n    slot0: state.slot0,\n    liquidity: state.liquidity,\n    feeGrowthGlobal0X128: state.feeGrowthGlobal0X128,\n    feeGrowthGlobal1X128: state.feeGrowthGlobal1X128,\n    protocolFees0: state.protocolFees0,\n    protocolFees1: state.protocolFees1,\n    ticks: Array.from(state.ticks.entries()).map(([tick, info]) => ({\n      tick,\n      ...info,\n    })),\n    blockTimestamp: state.blockTimestamp,\n  };\n}\n\n/**\n * Deserializes pool state from JSON fixture\n */\nexport function fromFixture(fixture: Record<string, unknown>): PoolState {\n  const ticksArray = (fixture.ticks as Array<{\n    tick: number;\n    liquidityNet: string;\n    liquidityGross: string;\n    feeGrowthOutside0X128: string;\n    feeGrowthOutside1X128: string;\n    secondsOutside: number;\n    initialized: boolean;\n  }>) || [];\n\n  const ticks = new Map<number, TickInfo>();\n  for (const tickData of ticksArray) {\n    ticks.set(tickData.tick, {\n      liquidityNet: tickData.liquidityNet,\n      liquidityGross: tickData.liquidityGross,\n      feeGrowthOutside0X128: tickData.feeGrowthOutside0X128,\n      feeGrowthOutside1X128: tickData.feeGrowthOutside1X128,\n      secondsOutside: tickData.secondsOutside,\n      initialized: tickData.initialized,\n    });\n  }\n\n  return {\n    config: fixture.config as PoolConfig,\n    slot0: fixture.slot0 as Slot0,\n    liquidity: fixture.liquidity as string,\n    feeGrowthGlobal0X128: fixture.feeGrowthGlobal0X128 as string,\n    feeGrowthGlobal1X128: fixture.feeGrowthGlobal1X128 as string,\n    protocolFees0: fixture.protocolFees0 as string,\n    protocolFees1: fixture.protocolFees1 as string,\n    ticks,\n    blockTimestamp: fixture.blockTimestamp as number,\n  };\n}\n\n/**\n * Validates pool state for consistency\n */\nexport function validatePoolState(state: PoolState): boolean {\n  try {\n    // Check that sqrt price is positive\n    const sqrtPrice = new Decimal(state.slot0.sqrtPriceX96);\n    if (sqrtPrice.lte(0)) return false;\n\n    // Check that liquidity is non-negative\n    const liquidity = new Decimal(state.liquidity);\n    if (liquidity.lt(0)) return false;\n\n    // Check tick spacing alignment\n    if (state.slot0.tick % state.config.tickSpacing !== 0) {\n      // Allow small deviation for current tick (it doesn't need to be aligned)\n      // but the deviation should be less than tickSpacing\n      const deviation = Math.abs(state.slot0.tick % state.config.tickSpacing);\n      if (deviation >= st
[...]
t interface GasEstimate {\n  maxFeePerGas: bigint;\n  maxPriorityFeePerGas: bigint;\n  baseFee: bigint;\n  gasLimit?: bigint;\n}\n\nexport interface GasEstimatorConfig {\n  provider: ethers.JsonRpcProvider;\n  priorityFeeCapGwei?: number;\n  defaultPriorityFeeGwei?: number;\n  maxBaseFeeMultiplier?: number;\n}\n\nexport async function estimateGasFees(cfg: GasEstimatorConfig): Promise<GasEstimate> {\n  const block = await cfg.provider.getBlock('latest');\n  if (!block || !block.baseFeePerGas) {\n    throw new Error('Base fee unavailable - not an EIP-1559 network');\n  }\n\n  const baseFee = block.baseFeePerGas;\n  const priorityGwei = BigInt(Math.floor((cfg.defaultPriorityFeeGwei ?? 1) * 1e9));\n  const capPriority = cfg.priorityFeeCapGwei\n    ? BigInt(Math.floor(cfg.priorityFeeCapGwei * 1e9))\n    : priorityGwei;\n\n  const maxPriorityFeePerGas = priorityGwei > capPriority ? capPriority : priorityGwei;\n  \n  // Use a multiplier for baseFee to account for potential base fee increases\n  const baseFeeMultiplier = BigInt(Math.floor((cfg.maxBaseFeeMultiplier ?? 2) * 100));\n  const maxFeePerGas = (baseFee * baseFeeMultiplier) / 100n + maxPriorityFeePerGas;\n\n  return {\n    baseFee,\n    maxPriorityFeePerGas,\n    maxFeePerGas\n  };\n}\n\nexport function calculateGasCost(gasEstimate: GasEstimate, gasLimit: bigint): {\n  maxCostWei: bigint;\n  expectedCostWei: bigint;\n} {\n  const maxCostWei = gasEstimate.maxFeePerGas * gasLimit;\n  const expectedCostWei = (gasEstimate.baseFee + gasEstimate.maxPriorityFeePerGas) * gasLimit;\n  \n  return {\n    maxCostWei,\n    expectedCostWei\n  };\n}\n\nexport function formatGasEstimate(estimate: GasEstimate): string {\n  const baseFeeGwei = Number(estimate.baseFee) / 1e9;\n  const priorityFeeGwei = Number(estimate.maxPriorityFeePerGas) / 1e9;\n  const maxFeeGwei = Number(estimate.maxFeePerGas) / 1e9;\n\n  return `Gas: ${baseFeeGwei.toFixed(2)} + ${priorityFeeGwei.toFixed(2)} = ${maxFeeGwei.toFixed(2)} gwei`;\n}\n"]},"_coverageSchema":"1a1c01bbd47fc00a2c39e90264f33305004495a9","hash":"0ac7f805f6d3c6081cca024c14c7201ec4a578dc"},"/home/runner/work/jit/jit/src/execution/profit_guard.ts":{"path":"/home/runner/work/jit/jit/src/execution/profit_guard.ts","statementMap":{"0":{"start":{"line":2,"column":0},"end":{"line":2,"column":62}},"1":{"start":{"line":3,"column":0},"end":{"line":3,"column":63}},"2":{"start":{"line":5,"column":19},"end":{"line":5,"column":66}},"3":{"start":{"line":6,"column":19},"end":{"line":6,"column":66}},"4":{"start":{"line":8,"column":4},"end":{"line":15,"column":5}},"5":{"start":{"line":9,"column":8},"end":{"line":14,"column":10}},"6":{"start":{"line":17,"column":4},"end":{"line":24,"column":5}},"7":{"start":{"line":18,"column":8},"end":{"line":23,"column":10}},"8":{"start":{"line":26,"column":4},"end":{"line":33,"column":5}},"9":{"start":{"line":27,"column":8},"end":{"line":32,"column":10}},"10":{"start":{"line":34,"column":4},"end":{"line":38,"column":6}},"11":{"start":{"line":40,"column":0},"end":{"line":40,"column":40}},"12":{"start":{"line":42,"column":60},"end":{"line":42,"column":68}},"13":{"start":{"line":43,"column":4},"end":{"line":48,"column":5}},"14":{"start":{"line":44,"column":8},"end":{"line":44,"column":98}},"15":{"start":{"line":47,"column":8},"end":{"line":47,"column":104}},"16":{"start":{"line":50,"column":0},"end":{"line":50,"column":52}}},"fnMap":{"0":{"name":"evaluateProfit","decl":{"start":{"line":4,"column":9},"end":{"line":4,"column":23}},"loc":{"start":{"line":4,"column":34},"end":{"line":39,"column":1}},"line":4},"1":{"name":"formatProfitDecision","decl":{"start":{"line":41,"column":9},"end":{"line":41,"column":29}},"loc":{"start":{"line":41,"column":40},"end":{"line":49,"column":1}},"line":41}},"branchMap":{"0":{"loc":{"start":{"line":5,"column":20},"end":{"line":5,"column":41}},"type":"binary-expr","locations":[{"start":{"line":5,"column":20},"end":{"line":5,"column":36}},{"start":{"line":5,"column":40},"end":{"line":5,"column":41}}],"line":5},"1":{"loc":{"start":{"line":5,"column":46},"end":{"line":5,"column":65}},"type":"binary-expr","locations":[{"start":{"line":5,"column":46},"end":{"line":5,"column":60}},{"start":{"line":5,"column":64},"end":{"line":5,"column":65}}],"line":5},"2":{"loc":{"start":{"line":6,"column":20},"end":{"line":6,"column":41}},"type":"binary-expr","locations":[{"start":{"line":6,"column":20},"end":{"line":6,"column":36}},{"start":{"line":6,"column":40},"end":{"line":6,"column":41}}],"line":6},"3":{"loc":{"start":{"line":6,"column":46},"end":{"line":6,"column":65}},"type":"binary-expr","locations":[{"start":{"line":6,"column":46},"end":{"line":6,"column":60}},{"start":{"line":6,"column":64},"end":{"line":6,"column":65}}],"line":6},"4":{"loc":{"start":{"line":8,"column":4},"end":{"line":15,"column":5}},"type":"if","locations":[{"start":{"line":8,"column":4},"end":{"line":15,"column":5}},{"start":{},"end":{}}],"line":8},"5":{"loc":{"start":{"line":8,"column":8},"end":{"line":8,"column":57}},"type":"binary-expr","locations":[{"start":{"line":8,"column":8},"end":{"line":8,"column":28}},{"start":{"line":8,"column":32},"end":{"line":8,"column":57}}],"line":8},"6":{"loc":{"start":{"line":17,"column":4},"end":{"line":24,"column":5}},"type":"if","locations":[{"start":{"line":17,"column":4},"end":{"line":24,"column":5}},{"start":{},"end":{}}],"line":17},"7":{"loc":{"start":{"line":17,"column":8},"end":{"line":17,"column":57}},"type":"binary-expr","locations":[{"start":{"line":17,"column":8},"end":{"line":17,"column":28}},{"start":{"line":17,"column":32},"end":{"line":17,"column":57}}],"line":17},"8":{"loc":{"start":{"line":26,"column":4},"end":{"line":33,"column":5}},"type":"if","locations":[{"start":{"line":26,"column":4},"end":{"line":33,"column":5}},{"start":{},"end":{}}],"line":26},"9":{"loc":{"start":{"line":26,"column":8},"end":{"line":26,"column":34}},"type":"binary-expr","locations":[{"start":{"line":26,"column":8},"end":{"line":26,"column":19}},{"start":{"line":26,"column":23},"end":{"line":26,"column":34}}],"line":26},"10":{"loc":{"start":{"line":43,"column":4},"end":{"line":48,"column":5}},"type":"if","locations":[{"start":{"line":43,"column":4},"end":{"line":48,"column":5}},{"start":{"line":46,"column":9},"end":{"line":48,"column":5}}],"line":43}},"s":{"0":1,"1":1,"2":7,"3":7,"4":7,"5":2,"6":5,"7":1,"8":4,"9":2,"10":2,"11":1,"12":2,"13":2,"14":1,"15":1,"16":1},"f":{"0":7,"1":2},"b":{"0":[7,2],"1":[7,2],"2":[7,5],"3":[7,5],"4":[2,5],"5":[7,4],"6":[1,4],"7":[5,2],"8":[2,2],"9":[4,2],"10":[1,1]},"inputSourceMap":{"version":3,"file":"/home/runner/work/jit/jit/src/execution/profit_guard.ts","sources":["/home/runner/work/jit/jit/src/execution/profit_guard.ts"],"names":[],"mappings":";;;AAoBA,SAAgB,cAAc,CAAC,GAAkB,EAAE,GAAsB;IACvE,MAAM,MAAM,GAAG,CAAC,GAAG,CAAC,YAAY,IAAI,CAAC,CAAC,GAAG,CAAC,GAAG,CAAC,UAAU,IAAI,CAAC,CAAC,CAAC;IAC/D,MAAM,MAAM,GAAG,CAAC,GAAG,CAAC,YAAY,IAAI,CAAC,CAAC,GAAG,CAAC,GAAG,CAAC,UAAU,IAAI,CAAC,CAAC,CAAC;IAE/D,6BAA6B;IAC7B,IAAI,GAAG,CAAC,YAAY,GAAG,CAAC,IAAI,MAAM,GAAG,GAAG,CAAC,YAAY,EAAE,CAAC;QACtD,OAAO;YACL,OAAO,EAAE,KAAK;YACd,MAAM,EAAE,0BAA0B,MAAM,CAAC,OAAO,CAAC,CAAC,CAAC,MAAM,GAAG,CAAC,YAAY,GAAG;YAC5E,YAAY,EAAE,MAAM;YACpB,YAAY,EAAE,MAAM;SACrB,CAAC;IACJ,CAAC;IAED,6BAA6B;IAC7B,IAAI,GAAG,CAAC,YAAY,GAAG,CAAC,IAAI,MAAM,GAAG,GAAG,CAAC,YAAY,EAAE,CAAC;QACtD,OAAO;YACL,OAAO,EAAE,KAAK;YACd,MAAM,EAAE,0BAA0B,MAAM,MAAM,GAAG,CAAC,YAAY,GAAG;YACjE,YAAY,EAAE,MAAM;YACpB,YAAY,EAAE,MAAM;SACrB,CAAC;IACJ,CAAC;IAED,uCAAuC;IACvC,IAAI,MAAM,IAAI,CAAC,IAAI,MAAM,IAAI,CAAC,EAAE,CAAC;QAC/B,OAAO;YACL,OAAO,EAAE,KAAK;YACd,MAAM,EAAE,4BAA4B;YACpC,YAAY,EAAE,MAAM;YACpB,YAAY,EAAE,MAAM;SACrB,CAAC;IACJ,CAAC;IAED,OAAO;QACL,OAAO,EAAE,IAAI;QACb,YAAY,EAAE,MAAM;QACpB,YAAY,EAAE,MAAM;KACrB,CAAC;AACJ,CAAC;AAvCD,wCAuCC;AAED,SAAgB,oBAAoB,CAAC,QAAkB;IACrD,MAAM,EAAE,OAAO,EAAE,MAAM,EAAE,YAAY,EAAE,YAAY,EAAE,GAAG,QAAQ,CAAC;IAEjE,IAAI,OAAO,EAAE,CAAC;QACZ,OAAO,sBAAsB,YAAY,EAAE,OAAO,CAAC,CAAC,CAAC,MAAM,YAAY,EAAE,OAAO,CAAC,CAAC,CAAC,MAAM,CAAC;IAC5F,CAAC;SAAM,CAAC;QACN,OAAO,UAAU,MAAM,WAAW,YAAY,EAAE,OAAO,CAAC,CAAC,CAAC,MAAM,YAAY,EAAE,OAAO,CAAC,CAAC,CAAC,OAAO,CAAC;IAClG,CAAC;AACH,CAAC;AARD,oDAQC","sourcesContent":["export interface ProfitContext {\n  estProfitUsd?: number;\n  estProfitEth?: number;\n  gasCostUsd?: number;\n  gasCostEth?: number;\n  reason?: string;\n}\n\nexport interface ProfitGuardConfig {\n  minProfitUsd: number;\n  minProfitEth: number;\n}\n\nexport interface Decision {\n  execute: boolean;\n  reason?: string;\n  netProfitUsd?: number;\n  netProfitEth?: number;\n}\n\nexport function evaluateProfit(ctx: ProfitContext, cfg: ProfitGuardConfig): Decision {\n  const netUsd = (ctx.estProfitUsd ?? 0) - (ctx.gasCostUsd ?? 0);\n  const netEth = (ctx.estProfitEth ?? 0) - (ctx.gasCostEth ?? 0);\n\n  // Check USD profit threshold\n  if (cfg.minProfitUsd > 0 && netUsd < cfg.minProfitUsd) {\n    return { \n      execute: false, \n      reason: `netUsd < minProfitUsd (${netUsd.toFixed(2)} < ${cfg.minProfitUsd})`, \n      netProfitUsd: netUsd, \n      netProfitEth: netEth \n    };\n  }\n\n  // Check ETH profit threshold\n  if (cfg.minProfitEth > 0 && netEth < cfg.minProfitEth) {\n    return { \n      execute: false, \n      reason: `netEth < minProfitEth (${netEth} < ${cfg.minProfitEth})`, \n      netProfitUsd: netUsd, \n      netProfitEth: netEth \n    };\n  }\n\n  // Check for non-positive profitability\n  if (netUsd <= 0 && netEth <= 0) {\n    return { \n      execute: false, \n      reason: 'non-positive profitability', \n      netProfitUsd: netUsd, \n      netProfitEth: netEth \n    };\n  }\n\n  return { \n    execute: true, \n    netProfitUsd: netUsd, \n    netProfitEth: netEth \n  };\n}\n\nexport function formatProfitDecision(decision: Decision): string {\n  const { execute, reason, netProfitUsd, netProfitEth } = decision;\n  \n  if (execute) {\n    return `EXECUTE - Profit: $${netProfitUsd?.toFixed(2)} / ${netProfitEth?.toFixed(6)} ETH`;\n  } else {\n    return `SKIP - ${reason} (Net: $${netProfitUsd?.toFixed(2)} / ${netProfitEth?.toFixed(6)} ETH)`;\n  }\n}\n"]},"_coverageSchema":"1a1c01bbd47fc00a2c39e90264f33305004495a9","hash":"87f6d1b28fbd8126bd866c04df47427ed873390d"},"/home/runner/work/jit/jit/src/runtime/retry/backoff.ts":{"path":"/home/runner/work/jit/jit/src/runtime/retry/backoff.ts","statementMap":{"0":{"start":{"line":2,"column":0},"end":{"line":2,"column":62}},"1":{"start":{"line":3,"column":0},"end":{"line":3,"column":45}},"2":{"start":{"line":5,"column":14},"end":{"line":5,"column":15}},"3":{"start":{"line":8,"column":8},"end":{"line":14,"column":10}},"4":{"start":{"line":17,"column":8},"end":{"line":19,"column":9}},"5":{"start":{"line":18,"column":12},"end":{"line":18,"column":90}},"6":{"start":{"line":20,"column":20},"end":{"line":20,"column":108}},"7":{"start":{"line":21,"column":8},"end":{"line":24,"column":9}},"8":{"start":{"line":22,"column":26},"end":{"line":22,"column":51}},"9":{"start":{"line":23,"column":12},"end":{"line":23,"column":58}},"10":{"start":{"line":25,"column":8},"end":{"line":25,"column":19}},"11":{"start":{"line":28,"column":8},"end":{"line":28,"column":25}},"12":{"start":{"line":31,"column":8},"end":{"line":31,"column":28}},"13":{"start":{"line":34,"column":8},"end":{"line":34,"column":52}},"14":{"start":{"line":37,"column":0},"end":{"line":37,"column":26}},"15":{"start":{"line":39,"column":20},"end":{"line":39,"column":40}},"16":{"start":{"line":41,"column":4},"end":{"line":53,"column":5}},"17":{"start":{"line":42,"column":8},"end":{"line":52,"column":9}},"18":{"start":{"line":43,"column":12},"end":{"line":43,"column":30}},"19":{"start":{"line":46,"column":12},"end":{"line":46,"column":82}},"20":{"start":{"line":47,"column":12},"end":{"line":49,"column":13}},"21":{"start":{"line":48,"column":16},"end":{"line":48,"column":22}},"22":{"start":{"line":50,"column":26},"end":{"line":50,"column":40}},"23":{"start":{"line":51,"column":12},"end":{"line":51,"column":69}},"24":{"start":{"line":51,"column":41},"end":{"line":51,"column":67}},"25":{"start":{"line":54,"column":4},"end":{"line":54,"column":20}},"26":{"start":{"line":56,"column":0},"end":{"line":56,"column":30}}},"fnMap":{"0":{"name":"(anonymous_0)","decl":{"start":{"line":7,"column":4},"end":{"line":7,"column":5}},"loc":{"start":{"line":7,"column":30},"end":{"line":15,"column":5}},"line":7},"1":{"name":"(anonymous_1)","decl":{"start":{"line":16,"column":4},"end":{"line":16,"column":5}},"loc":{"start":{"line":16,"column":11},"end":{"line":26,"column":5}},"line":16},"2":{"name":"(anonymous_2)","decl":{"start":{"line":27,"column":4},"end":{"line":27,"column":5}},"loc":{"start":{"line":27,"column":12},"end":{"line":29,"column":5}},"line":27},"3":{"name":"(anonymous_3)","decl":{"start":{"line":30,"column":4},"end":{"line":30,"column":5}},"loc":{"start":{"line":30,"column":17},"end":{"line":32,"column":5}},"line":30},"4":{"name":"(anonymous_4)","decl":{"start":{"line":33,"column":4},"end":{"line":33,"column":5}},"loc":{"start":{"line":33,"column":22},"end":{"line":35,"column":5}},"line":33},"5":{"name":"withRetry","decl":{"start":{"line":38,"column":15},"end":{"line":38,"column":24}},"loc":{"start":{"line":38,"column":43},"end":{"line":55,"column":1}},"line":38},"6":{"name":"(anonymous_6)","decl":{"start":{"line":51,"column":30},"end":{"line":51,"column":31}},"loc":{"start":{"line":51,"column":41},"end":{"line":51,"column":67}},"line":51}},"branchMap":{"0":{"loc":{"start":{"line":7,"column":16},"end":{"line":7,"column":28}},"type":"default-arg","locations":[{"start":{"line":7,"column":26},"end":{"line":7,"column":28}}],"line":7},"1":{"loc":{"start":{"line":9,"column":20},"end":{"line":9,"column":41}},"type":"binary-expr","locations":[{"start":{"line":9,"column":20},"end":{"line":9,"column":34}},{"start":{"line":9,"column":38},"end":{"line":9,"column":41}}],"line":9},"2":{"loc":{"start":{"line":10,"column":19},"end":{"line":10,"column":41}},"type":"binary-expr","locations":[{"start":{"line":10,"column":19},"end":{"line":10,"column":32}},{"start":{"line":10,"column":36},"end":{"line":10,"column":41}}],"line":10},"3":{"loc":{"start":{"line":11,"column":20},"end":{"line":11,"column":39}},"type":"binary-expr","locations":[{"start":{"line":11,"column":20},"end":{"line":11,"column":34}},{"start":{"line":11,"column":38},"end":{"line":11,"column":39}}],"line":11},"4":{"loc":{"start":{"line":12,"column":20},"end":{"line":12,"column":42}},"type":"binary-expr","locations":[{"start":{"line":12,"column":20},"end":{"line":12,"column":34}},{"start":{"line":12,"column":38},"end":{"line":12,"column":42}}],"line":12},"5":{"loc":{"start":{"line":13,"column":25},"end":{"line":13,"column":71}},"type":"binary-expr","locations":[{"start":{"line":13,"column":25},"end":{"line":13,"column":44}},{"start":{"line":13,"column":48},"end":{"line":13,"column":71}}],"line":13},"6":{"loc":{"start":{"line":17,"column":8},"end":{"line":19,"column":9}},"type":"if","locations":[{"start":{"line":17,"column":8},"end":{"line":19,"column":9}},{"start":{},"end":{}}],"line":17},"7":{"loc":{"start":{"line":21,"column":8},"end":{"line":24,"column":9}},"type":"if","locations":[{"start":{"line":21,"column":8},"end":{"line":24,"column":9}},{"start":{},"end":{}}],"line":21},"8":{"loc":{"start":{"line":38,"column":29},"end":{"line":38,"column":41}},"type":"default-arg","locations":[{"start":{"line":38,"column":39},"end":{"line":38,"column":41}}],"line":38},"9":{"loc":{"start":{"line":46,"column":24},"end":{"line":46,"column":81}},"type":"cond-expr","locations":[{"start":{"line":46,"column":49},"end":{"line":46,"column":54}},{"start":{"line":46,"column":57},"end":{"line":46,"column":81}}],"line":46},"10":{"loc":{"start":{"line":47,"column":12},"end":{"line":49,"column":13}},"type":"if","locations":[{"start":{"line":47,"column":12},"end":{"line":49,"column":13}},{"start":{},"end":{}}],"line":47}},"s":{"0":1,"1":1,"2":9,"3":9,"4":21,"5":1,"6":20,"7":20,"8":11,"9":11,"10":9,"11":1,"12":3,"13":11,"14":1,"15":3,"16":3,"17":6,"18":6,"19":4,"20":4,"21":0,"22":4,"23":4,"24":4,"25":1,"26":1},"f":{"0":9,"1":21,"2":1,"3":3,"4":11,"5":3,"6":4},"b":{"0":[1],"1":[9,3],"2":[9,8],"3":[9,7],"4":[9,5],"5":[9,6],"6":[1,20],"7":[11,9],"8":[1],"9":[4,0],"10":[0,4]},"inputSourceMap":{"version":3,"file":"/home/runner/work/jit/jit/src/runtime/retry/backoff.ts","sources":["/home/runner/work/jit/jit/src/runtime/retry/backoff.ts"],"names":[],"mappings":";;;AAQA,MAAa,OAAO;IACV,OAAO,GAAG,CAAC,CAAC;IACH,IAAI,CAA2B;IAEhD,YAAY,UAA0B,EAAE;QACtC,IAAI,CAAC,IAAI,GAAG;YACV,MAAM,EAAE,OAAO,CAAC,MAAM,IAAI,GAAG;YAC7B,KAAK,EAAE,OAAO,CAAC,KAAK,IAAI,KAAM;YAC9B,MAAM,EAAE,OAAO,CAAC,MAAM,IAAI,CAAC;YAC3B,MAAM,EAAE,OAAO,CAAC,MAAM,IAAI,IAAI;YAC9B,WAAW,EAAE,OAAO,CAAC,WAAW,IAAI,MAAM,CAAC,gBAAgB;SAC5D,CAAC;IACJ,CAAC;IAED,IAAI;QACF,IAAI,IAAI,CAAC,OAAO,IAAI,IAAI,CAAC,IAAI,CAAC,WAAW,EAAE,CAAC;YAC1C,MAAM,IAAI,KAAK,CAAC,2BAA2B,IAAI,CAAC,IAAI,CAAC,WAAW,YAAY,CAAC,CAAC;QAChF,CAAC;QAED,MAAM,GAAG,GAAG,IAAI,CAAC,GAAG,CAAC,IAAI,CAAC,IAAI,CAAC,KAAK,EAAE,IAAI,CAAC,IAAI,CAAC,MAAM,GAAG,IAAI,CAAC,GAAG,CAAC,IAAI,CAAC,IAAI,CAAC,MAAM,EAAE,IAAI,CAAC,OAAO,EAAE,CAAC,CAAC,CAAC;QAErG,IAAI,IAAI,CAAC,IAAI,CAAC,MAAM,EAAE,CAAC;YACrB,MAAM,KAAK,GAAG,IAAI,CAAC,MAAM,EAAE,GAAG,GAAG,GAAG,GAAG,CAAC;YACxC,OAAO,IAAI,CAAC,KAAK,CAAC,GAAG,GAAG,CAAC,GAAG,GAAG,IAAI,CAAC,GAAG,KAAK,CAAC,CAAC;QAChD,CAAC;QAED,OAAO,GAAG,CAAC;IACb,CAAC;IAED,KAAK;QACH,IAAI,CAAC,OAAO,GAAG,CAAC,CAAC;IACnB,CAAC;IAED,UAAU;QACR,OAAO,IAAI,CAAC,OAAO,CAAC;IACtB,CAAC;IAED,eAAe;QACb,OAAO,IAAI,CAAC,OAAO,GAAG,IAAI,CAAC,IAAI,CAAC,WAAW,CAAC;IAC9C,CAAC;CACF;AAxCD,0BAwCC;AAEM,KAAK,UAAU,SAAS,CAC7B,EAAoB,EACpB,UAA0B,EAAE;IAE5B,MAAM,OAAO,GAAG,IAAI,OAAO,CAAC,OAAO,CAAC,CAAC;IACrC,IAAI,SAAgB,CAAC;IAErB,OAAO,OAAO,CAAC,eAAe,EAAE,EAAE,CAAC;QACjC,IAAI,CAAC;YACH,OAAO,MAAM,EAAE,EAAE,CAAC;QACpB,CAAC;QAAC,OAAO,KAAK,EAAE,CAAC;YACf,SAAS,GAAG,KAAK,YAAY,KAAK,CAAC,CAAC,CAAC,KAAK,CAAC,CAAC,CAAC,IAAI,KAAK,CAAC,MAAM,CAAC,KAAK,CAAC,CAAC,CAAC;YAEtE,IAAI,CAAC,OAAO,CAAC,eAAe,EAAE,EAAE,CAAC;gBAC/B,MAAM;YACR,CAAC;YAED,MAAM,KAAK,GAAG,OAAO,CAAC,IAAI,EAAE,CAAC;YAC7B,MAAM,IAAI,OAAO,CAAC,OAAO,CAAC,EAAE,CAAC,UAAU,CAAC,OAAO,EAAE,KAAK,CAAC,CAAC,CAAC;QAC3D,CAAC;IACH,CAAC;IAED,MAAM,SAAU,CAAC;AACnB,CAAC;AAvBD,8BAuBC","sourcesContent":["export interface BackoffOptions {\n  baseMs?: number;\n  maxMs?: number;\n  factor?: number;\n  jitter?: boolean;\n  maxAttempts?: number;\n}\n\nexport class Backoff {\n  private attempt = 0;\n  private readonly opts: Required<BackoffOptions>;\n\n  constructor(options: BackoffOptions = {}) {\n    this.opts = {\n      baseMs: options.baseMs ?? 500,\n      maxMs: options.maxMs ?? 30_000,\n      factor: options.factor ?? 2,\n      jitter: options.jitter ?? true,\n      maxAttempts: options.maxAttempts ?? Number.MAX_SAFE_INTEGER\n    };\n  }\n\n  next(): number {\n    if (this.attempt >= this.opts.maxAttempts) {\n      throw new Error(`Maximum retry attempts (${this.opts.maxAttempts}) exceeded`);\n    }\n\n    const raw = Math.min(this.opts.maxMs, this.opts.baseMs * Math.pow(this.opts.factor, this.attempt++));\n    \n    if (this.opts.jitter) {\n      const delta = Math.random() * raw * 0.3;\n      return Math.floor(raw - (raw * 0.15) + delta);\n    }\n    \n    return raw;\n  }\n\n  reset(): void { \n    this.attempt = 0; \n  }\n\n  getAttempt(): number {\n    return this.attempt;\n  }\n\n  hasMoreAttempts(): boolean {\n    return this.attempt < this.opts.maxAttempts;\n  }\n}\n\nexport async function withRetry<T>(\n  fn: () => Promise<T>,\n  options: BackoffOptions = {}\n): Promise<T> {\n  const backoff = new Backoff(options);\n  let lastError: Error;\n\n  while (backoff.hasMoreAttempts()) {\n    try {\n      return await fn();\n    } catch (error) {\n      lastError = error instanceof Error ? error : new Error(String(error));\n      \n      if (!backoff.hasMoreAttempts()) {\n        break;\n      }\n\n      const delay = backoff.next();\n      await new Promise(resolve => setTimeout(resolve, delay));\n    }\n  }\n\n  throw lastError!;\n}\n"]},"_coverageSchema":"1a1c01bbd47fc00a2c39e90264f33305004495a9","hash":"1dfbb0636eeba7fee8f19e55af7cb32e086efd67"}}